2021-05-07 14:24:55,667 adding document #0 to Dictionary(0 unique tokens: [])
2021-05-07 14:24:55,667 built Dictionary(12 unique tokens: ['computer', 'human', 'interface', 'response', 'survey']...) from 9 documents (total 29 corpus positions)
2021-05-07 14:24:55,681 Dictionary lifecycle event {'msg': "built Dictionary(12 unique tokens: ['computer', 'human', 'interface', 'response', 'survey']...) from 9 documents (total 29 corpus positions)", 'datetime': '2021-05-07T14:24:55.668092', 'gensim': '4.0.1', 'python': '3.8.5 (default, Jan 27 2021, 15:41:15) \n[GCC 9.3.0]', 'platform': 'Linux-5.4.0-72-generic-x86_64-with-glibc2.29', 'event': 'created'}
2021-05-07 14:25:04,812 Cleaning previous experiments mess
2021-05-07 14:25:04,813 Starting experiment 2_uwcse_imdb 

2021-05-07 14:25:05,088 Start learning from source dataset

2021-05-07 14:25:05,088 Source train facts examples: 2387
2021-05-07 14:25:05,088 Source train pos examples: 113
2021-05-07 14:25:05,088 Source train neg examples: 113

2021-05-07 14:25:20,808 Model training time 15.71928071975708 

2021-05-07 14:25:20,809 Building refine structure 

2021-05-07 14:25:20,843 WILL Produced-Tree #1
% FOR advisedby(A, B):
%   if ( student(A), professor(B) )
%   then if ( publication(C, B), publication(C, A) )
%   | then if ( tempadvisedby(D, B), ta(E, A, F) )
%   | | then if ( ta(G, D, H) )
%   | | | then return 0.8581489350995123;  // std dev = 0,000, 7,000 (wgt'ed) examples reached here.  /* #pos=7 */
%   | | | else return 0.6581489350995122;  // std dev = 0,894, 5,000 (wgt'ed) examples reached here.  /* #neg=1 #pos=4 */
%   | | else return 0.8581489350995123;  // std dev = 0,000, 30,000 (wgt'ed) examples reached here.  /* #pos=30 */
%   | else if ( publication(I, A), tempadvisedby(J, B) )
%   | | then if ( publication(I, K), ta(L, K, M) )
%   | | | then return 0.7470378239884012;  // std dev = 0,943, 9,000 (wgt'ed) examples reached here.  /* #neg=1 #pos=8 */
%   | | | else return -0.14185106490048777;  // std dev = 0,000, 4,000 (wgt'ed) examples reached here.  /* #neg=4 */
%   | | else if ( publication(N, B) )
%   | | | then return 0.7734031723876481;  // std dev = 2,139, 59,000 (wgt'ed) examples reached here.  /* #neg=5 #pos=54 */
%   | | | else return 0.6273797043302815;  // std dev = 1,519, 13,000 (wgt'ed) examples reached here.  /* #neg=3 #pos=10 */
%   else return -0.14185106490048768;  // std dev = 7,30e-08, 99,000 (wgt'ed) examples reached here.  /* #neg=99 */
2021-05-07 14:25:20,843 WILL Produced-Tree #2
% FOR advisedby(A, B):
%   if ( student(A), professor(B) )
%   then if ( tempadvisedby(C, B), ta(D, C, E) )
%   | then if ( ta(D, A, F) )
%   | | then return 0.5261862825807958;  // std dev = 0,883, 5,000 (wgt'ed) examples reached here.  /* #neg=1 #pos=4 */
%   | | else return 0.730924492272118;  // std dev = 0,069, 36,000 (wgt'ed) examples reached here.  /* #pos=36 */
%   | else if ( publication(G, A), publication(G, B) )
%   | | then if ( tempadvisedby(H, B), ta(I, A, J) )
%   | | | then return 0.5580193346218546;  // std dev = 0,894, 5,000 (wgt'ed) examples reached here.  /* #neg=1 #pos=4 */
%   | | | else return 0.7194734122109543;  // std dev = 4,21e-08, 19,000 (wgt'ed) examples reached here.  /* #pos=19 */
%   | | else if ( tempadvisedby(K, B), publication(L, K) )
%   | | | then return 0.27210246255167114;  // std dev = 0,933, 4,000 (wgt'ed) examples reached here.  /* #neg=2 #pos=2 */
%   | | | else return 0.5767987508824453;  // std dev = 2,756, 58,000 (wgt'ed) examples reached here.  /* #neg=10 #pos=48 */
%   else return -0.12544463852839158;  // std dev = 0,000, 99,000 (wgt'ed) examples reached here.  /* #neg=99 */
2021-05-07 14:25:20,844 WILL Produced-Tree #3
% FOR advisedby(A, B):
%   if ( student(A), hasposition(B, C) )
%   then if ( tempadvisedby(D, B), ta(E, D, F) )
%   | then if ( ta(G, A, H), ta(G, I, F) )
%   | | then if ( samecourse(E, G) )
%   | | | then return 0.4104895662080564;  // std dev = 0,881, 5,000 (wgt'ed) examples reached here.  /* #neg=1 #pos=4 */
%   | | | else return 0.5671300726719913;  // std dev = 0,030, 10,000 (wgt'ed) examples reached here.  /* #pos=10 */
%   | | else return 0.5667237536875326;  // std dev = 0,081, 26,000 (wgt'ed) examples reached here.  /* #pos=26 */
%   | else if ( publication(J, A), tempadvisedby(K, B) )
%   | | then if ( publication(J, B) )
%   | | | then return 0.5081090089455164;  // std dev = 0,915, 12,000 (wgt'ed) examples reached here.  /* #neg=1 #pos=11 */
%   | | | else return 0.26958642428350615;  // std dev = 1,428, 12,000 (wgt'ed) examples reached here.  /* #neg=5 #pos=7 */
%   | | else if ( ta(L, A, M), tempadvisedby(N, B) )
%   | | | then return 0.6278703108618697;  // std dev = 0,065, 6,000 (wgt'ed) examples reached here.  /* #pos=6 */
%   | | | else return 0.4935493133672266;  // std dev = 2,275, 54,000 (wgt'ed) examples reached here.  /* #neg=6 #pos=48 */
%   else if ( professor(B) )
%   | then return -0.06558617111399297;  // std dev = 0,235, 11,000 (wgt'ed) examples reached here.  /* #neg=10 #pos=1 */
%   | else return -0.11231637819360621;  // std dev = 7,30e-08, 90,000 (wgt'ed) examples reached here.  /* #neg=90 */
2021-05-07 14:25:20,844 WILL Produced-Tree #4
% FOR advisedby(A, B):
%   if ( professor(B), student(A) )
%   then if ( publication(C, B), publication(C, A) )
%   | then if ( publication(C, D), tempadvisedby(D, B) )
%   | | then return 0.4832735363650322;  // std dev = 0,087, 3,000 (wgt'ed) examples reached here.  /* #pos=3 */
%   | | else if ( ta(E, A, F), tempadvisedby(G, B) )
%   | | | then return 0.37082603560124605;  // std dev = 0,910, 10,000 (wgt'ed) examples reached here.  /* #neg=1 #pos=9 */
%   | | | else return 0.4246397090605025;  // std dev = 0,050, 29,000 (wgt'ed) examples reached here.  /* #pos=29 */
%   | else if ( tempadvisedby(H, B), publication(I, A) )
%   | | then if ( publication(I, J), ta(K, J, L) )
%   | | | then return 0.4360518229671636;  // std dev = 0,867, 9,000 (wgt'ed) examples reached here.  /* #neg=1 #pos=8 */
%   | | | else return -0.23739040467242598;  // std dev = 0,046, 4,000 (wgt'ed) examples reached here.  /* #neg=4 */
%   | | else if ( publication(M, B) )
%   | | | then return 0.3879644576320335;  // std dev = 2,098, 59,000 (wgt'ed) examples reached here.  /* #neg=5 #pos=54 */
%   | | | else return 0.30408271313124197;  // std dev = 1,462, 13,000 (wgt'ed) examples reached here.  /* #neg=3 #pos=10 */
%   else return -0.10199136461930744;  // std dev = 0,012, 99,000 (wgt'ed) examples reached here.  /* #neg=99 */
2021-05-07 14:25:20,844 WILL Produced-Tree #5
% FOR advisedby(A, B):
%   if ( hasposition(B, C), student(A) )
%   then if ( tempadvisedby(D, B), ta(E, D, F) )
%   | then if ( ta(E, A, G) )
%   | | then return 0.21616974829567498;  // std dev = 0,884, 5,000 (wgt'ed) examples reached here.  /* #neg=1 #pos=4 */
%   | | else return 0.333580351978789;  // std dev = 0,116, 36,000 (wgt'ed) examples reached here.  /* #pos=36 */
%   | else if ( publication(H, A), tempadvisedby(I, B) )
%   | | then if ( publication(J, I), publication(H, B) )
%   | | | then return 0.3575099260641517;  // std dev = 0,077, 5,000 (wgt'ed) examples reached here.  /* #pos=5 */
%   | | | else return 0.18044424197308664;  // std dev = 1,507, 19,000 (wgt'ed) examples reached here.  /* #neg=6 #pos=13 */
%   | | else if ( hasposition(K, C), tempadvisedby(L, K) )
%   | | | then return 0.30503551260481887;  // std dev = 1,887, 50,000 (wgt'ed) examples reached here.  /* #neg=4 #pos=46 */
%   | | | else return 0.21001968010755784;  // std dev = 1,252, 10,000 (wgt'ed) examples reached here.  /* #neg=2 #pos=8 */
%   else if ( professor(B) )
%   | then if ( publication(M, B) )
%   | | then return -0.09666227896508449;  // std dev = 0,000, 8,000 (wgt'ed) examples reached here.  /* #neg=8 */
%   | | else return 0.02670773286332632;  // std dev = 0,723, 3,000 (wgt'ed) examples reached here.  /* #neg=2 #pos=1 */
%   | else return -0.09265805923641407;  // std dev = 0,000, 90,000 (wgt'ed) examples reached here.  /* #neg=90 */
2021-05-07 14:25:20,844 WILL Produced-Tree #6
% FOR advisedby(A, B):
%   if ( student(A), professor(B) )
%   then if ( publication(C, B), publication(C, A) )
%   | then if ( tempadvisedby(D, B), ta(E, A, F) )
%   | | then if ( ta(G, D, H) )
%   | | | then return 0.3006272407760676;  // std dev = 0,133, 7,000 (wgt'ed) examples reached here.  /* #pos=7 */
%   | | | else return 0.15700184659212874;  // std dev = 0,868, 5,000 (wgt'ed) examples reached here.  /* #neg=1 #pos=4 */
%   | | else return 0.2627722184550086;  // std dev = 0,087, 30,000 (wgt'ed) examples reached here.  /* #pos=30 */
%   | else if ( publication(I, A) )
%   | | then if ( publication(I, J), professor(J) )
%   | | | then return 0.049449689794268295;  // std dev = 1,609, 17,000 (wgt'ed) examples reached here.  /* #neg=7 #pos=10 */
%   | | | else return 0.3634103848237173;  // std dev = 0,093, 7,000 (wgt'ed) examples reached here.  /* #pos=7 */
%   | | else if ( tempadvisedby(K, B) )
%   | | | then return 0.24279402933668393;  // std dev = 1,322, 34,000 (wgt'ed) examples reached here.  /* #neg=2 #pos=32 */
%   | | | else return 0.2061305992598888;  // std dev = 1,752, 27,000 (wgt'ed) examples reached here.  /* #neg=4 #pos=23 */
%   else return -0.08557037663657348;  // std dev = 0,016, 99,000 (wgt'ed) examples reached here.  /* #neg=99 */
2021-05-07 14:25:20,844 WILL Produced-Tree #7
% FOR advisedby(A, B):
%   if ( student(A), hasposition(B, C) )
%   then if ( publication(D, A), publication(D, B) )
%   | then if ( ta(E, A, F), tempadvisedby(G, B) )
%   | | then if ( ta(H, G, I) )
%   | | | then return 0.24203365809216665;  // std dev = 0,116, 7,000 (wgt'ed) examples reached here.  /* #pos=7 */
%   | | | else return 0.12197474177068483;  // std dev = 0,869, 5,000 (wgt'ed) examples reached here.  /* #neg=1 #pos=4 */
%   | | else return 0.21516573876938416;  // std dev = 0,076, 30,000 (wgt'ed) examples reached here.  /* #pos=30 */
%   | else if ( publication(J, B), publication(K, A) )
%   | | then if ( hasposition(L, C), publication(K, L) )
%   | | | then return -0.11343434482577693;  // std dev = 1,081, 8,000 (wgt'ed) examples reached here.  /* #neg=5 #pos=3 */
%   | | | else return 0.2928951635825154;  // std dev = 0,096, 8,000 (wgt'ed) examples reached here.  /* #pos=8 */
%   | | else if ( hasposition(M, C), tempadvisedby(N, M) )
%   | | | then return 0.1947368204107458;  // std dev = 1,931, 59,000 (wgt'ed) examples reached here.  /* #neg=5 #pos=54 */
%   | | | else return 0.07961765623117795;  // std dev = 1,235, 8,000 (wgt'ed) examples reached here.  /* #neg=2 #pos=6 */
%   else if ( student(B) )
%   | then return -0.07872252910582424;  // std dev = 4,83e-08, 90,000 (wgt'ed) examples reached here.  /* #neg=90 */
%   | else return -0.06222731152464336;  // std dev = 0,218, 11,000 (wgt'ed) examples reached here.  /* #neg=10 #pos=1 */
2021-05-07 14:25:20,844 WILL Produced-Tree #8
% FOR advisedby(A, B):
%   if ( professor(B), student(A) )
%   then if ( publication(C, B), publication(C, A) )
%   | then if ( publication(C, D), tempadvisedby(D, B) )
%   | | then return 0.22725761228734953;  // std dev = 0,081, 3,000 (wgt'ed) examples reached here.  /* #pos=3 */
%   | | else if ( tempadvisedby(E, B) )
%   | | | then return 0.16276505938131317;  // std dev = 0,888, 27,000 (wgt'ed) examples reached here.  /* #neg=1 #pos=26 */
%   | | | else return 0.18684380980441276;  // std dev = 0,014, 12,000 (wgt'ed) examples reached here.  /* #pos=12 */
%   | else if ( publication(F, A) )
%   | | then if ( publication(F, G), tempadvisedby(G, H) )
%   | | | then return 0.3245694466170512;  // std dev = 0,061, 4,000 (wgt'ed) examples reached here.  /* #pos=4 */
%   | | | else return 0.03894266709813066;  // std dev = 1,542, 20,000 (wgt'ed) examples reached here.  /* #neg=7 #pos=13 */
%   | | else if ( tempadvisedby(I, B), publication(J, I) )
%   | | | then return 0.23740224347881575;  // std dev = 0,091, 4,000 (wgt'ed) examples reached here.  /* #pos=4 */
%   | | | else return 0.14167114862549998;  // std dev = 2,181, 57,000 (wgt'ed) examples reached here.  /* #neg=6 #pos=51 */
%   else return -0.07366744960489446;  // std dev = 0,017, 99,000 (wgt'ed) examples reached here.  /* #neg=99 */
2021-05-07 14:25:20,844 WILL Produced-Tree #9
% FOR advisedby(A, B):
%   if ( student(A), hasposition(B, C) )
%   then if ( publication(D, B), publication(D, A) )
%   | then if ( ta(E, A, F) )
%   | | then if ( ta(E, G, H), tempadvisedby(G, I) )
%   | | | then return 0.20199138810308265;  // std dev = 0,050, 4,000 (wgt'ed) examples reached here.  /* #pos=4 */
%   | | | else return 0.10378055544630164;  // std dev = 0,879, 10,000 (wgt'ed) examples reached here.  /* #neg=1 #pos=9 */
%   | | else return 0.1564819090622165;  // std dev = 0,059, 28,000 (wgt'ed) examples reached here.  /* #pos=28 */
%   | else if ( tempadvisedby(J, B), publication(K, J) )
%   | | then return 0.014159536252405328;  // std dev = 0,683, 6,000 (wgt'ed) examples reached here.  /* #neg=2 #pos=4 */
%   | | else if ( ta(L, A, M), tempadvisedby(N, B) )
%   | | | then return 0.16276208103355477;  // std dev = 0,967, 20,000 (wgt'ed) examples reached here.  /* #neg=1 #pos=19 */
%   | | | else return 0.10085291887464541;  // std dev = 2,319, 57,000 (wgt'ed) examples reached here.  /* #neg=9 #pos=48 */
%   else if ( professor(B) )
%   | then if ( publication(P, B) )
%   | | then return -0.07222515708471816;  // std dev = 0,000, 8,000 (wgt'ed) examples reached here.  /* #neg=8 */
%   | | else return -0.01947444311661306;  // std dev = 0,711, 3,000 (wgt'ed) examples reached here.  /* #neg=2 #pos=1 */
%   | else return -0.06835597222483192;  // std dev = 0,000, 90,000 (wgt'ed) examples reached here.  /* #neg=90 */
2021-05-07 14:25:20,845 WILL Produced-Tree #10
% FOR advisedby(A, B):
%   if ( hasposition(B, C), student(A) )
%   then if ( publication(D, B), publication(D, A) )
%   | then if ( ta(E, A, F), tempadvisedby(G, B) )
%   | | then if ( ta(H, G, I) )
%   | | | then return 0.15520104556079056;  // std dev = 0,066, 7,000 (wgt'ed) examples reached here.  /* #pos=7 */
%   | | | else return 0.039611870487876136;  // std dev = 0,869, 5,000 (wgt'ed) examples reached here.  /* #neg=1 #pos=4 */
%   | | else return 0.1371207056654885;  // std dev = 0,054, 30,000 (wgt'ed) examples reached here.  /* #pos=30 */
%   | else if ( publication(J, A) )
%   | | then if ( hasposition(K, C), publication(J, K) )
%   | | | then return -0.07277613570275261;  // std dev = 1,412, 14,000 (wgt'ed) examples reached here.  /* #neg=7 #pos=7 */
%   | | | else return 0.21935351596930736;  // std dev = 0,140, 10,000 (wgt'ed) examples reached here.  /* #pos=10 */
%   | | else if ( hasposition(L, C), tempadvisedby(M, L) )
%   | | | then return 0.1270594353561746;  // std dev = 1,654, 52,000 (wgt'ed) examples reached here.  /* #neg=3 #pos=49 */
%   | | | else return -0.029992386207826596;  // std dev = 1,191, 7,000 (wgt'ed) examples reached here.  /* #neg=2 #pos=5 */
%   else if ( professor(B) )
%   | then return -0.053410574807318374;  // std dev = 0,216, 11,000 (wgt'ed) examples reached here.  /* #neg=10 #pos=1 */
%   | else return -0.06412918807406419;  // std dev = 0,000, 90,000 (wgt'ed) examples reached here.  /* #neg=90 */
2021-05-07 14:25:20,879 Cleaning previous experiments mess
2021-05-07 14:25:20,881 Starting experiment 3_imdb_cora 

2021-05-07 14:25:21,063 Start learning from source dataset

2021-05-07 14:25:21,063 Source train facts examples: 1078
2021-05-07 14:25:21,063 Source train pos examples: 382
2021-05-07 14:25:21,063 Source train neg examples: 382

2021-05-07 14:25:25,897 Model training time 4.833409309387207 

2021-05-07 14:25:25,897 Building refine structure 

2021-05-07 14:25:25,901 WILL Produced-Tree #1
% FOR workedunder(A, B):
%   if ( actor(A), director(B) )
%   then if ( movie(C, A), movie(C, B) )
%   | then return 0.8581489350995083;  // std dev = 1,43e-06, 382,000 (wgt'ed) examples reached here.  /* #pos=382 */
%   | else return -0.14185106490048766;  // std dev = 5,77e-08, 55,000 (wgt'ed) examples reached here.  /* #neg=55 */
%   else return -0.14185106490048804;  // std dev = 0,000, 327,000 (wgt'ed) examples reached here.  /* #neg=327 */
2021-05-07 14:25:25,902 WILL Produced-Tree #2
% FOR workedunder(A, B):
%   if ( director(B), actor(A) )
%   then if ( movie(C, A), movie(C, B) )
%   | then return 0.7194734122109581;  // std dev = 0,000, 382,000 (wgt'ed) examples reached here.  /* #pos=382 */
%   | else return -0.12544463852839158;  // std dev = 0,000, 55,000 (wgt'ed) examples reached here.  /* #neg=55 */
%   else return -0.12544463852839202;  // std dev = 0,000, 327,000 (wgt'ed) examples reached here.  /* #neg=327 */
2021-05-07 14:25:25,902 WILL Produced-Tree #3
% FOR workedunder(A, B):
%   if ( actor(A), director(B) )
%   then if ( movie(C, A), movie(C, B) )
%   | then return 0.555366436746283;  // std dev = 0,000, 382,000 (wgt'ed) examples reached here.  /* #pos=382 */
%   | else return -0.11231637819360629;  // std dev = 3,80e-08, 55,000 (wgt'ed) examples reached here.  /* #neg=55 */
%   else return -0.11231637819360675;  // std dev = 0,000, 327,000 (wgt'ed) examples reached here.  /* #neg=327 */
2021-05-07 14:25:25,902 WILL Produced-Tree #4
% FOR workedunder(A, B):
%   if ( actor(A), director(B) )
%   then if ( movie(C, A), movie(C, B) )
%   | then return 0.417513584158312;  // std dev = 0,000, 382,000 (wgt'ed) examples reached here.  /* #pos=382 */
%   | else return -0.10159632948783623;  // std dev = 3,80e-08, 55,000 (wgt'ed) examples reached here.  /* #neg=55 */
%   else return -0.10159632948783649;  // std dev = 0,000, 327,000 (wgt'ed) examples reached here.  /* #neg=327 */
2021-05-07 14:25:25,902 WILL Produced-Tree #5
% FOR workedunder(A, B):
%   if ( actor(A), director(B) )
%   then if ( movie(C, A), movie(C, B) )
%   | then return 0.32071184716015166;  // std dev = 0,000, 382,000 (wgt'ed) examples reached here.  /* #pos=382 */
%   | else return -0.09269127618926107;  // std dev = 0,000, 55,000 (wgt'ed) examples reached here.  /* #neg=55 */
%   else return -0.09269127618926053;  // std dev = 1,13e-07, 327,000 (wgt'ed) examples reached here.  /* #neg=327 */
2021-05-07 14:25:25,902 WILL Produced-Tree #6
% FOR workedunder(A, B):
%   if ( actor(A), director(B) )
%   then if ( movie(C, A), movie(C, B) )
%   | then return 0.25517224256948734;  // std dev = 4,42e-07, 382,000 (wgt'ed) examples reached here.  /* #pos=382 */
%   | else return -0.08518475138839679;  // std dev = 1,83e-08, 55,000 (wgt'ed) examples reached here.  /* #neg=55 */
%   else return -0.08518475138839678;  // std dev = 9,19e-08, 327,000 (wgt'ed) examples reached here.  /* #neg=327 */
2021-05-07 14:25:25,902 WILL Produced-Tree #7
% FOR workedunder(A, B):
%   if ( director(B), actor(A) )
%   then if ( movie(C, A), movie(C, B) )
%   | then return 0.20975771563253462;  // std dev = 2,53e-07, 382,000 (wgt'ed) examples reached here.  /* #pos=382 */
%   | else return -0.07877675473109176;  // std dev = 1,49e-08, 55,000 (wgt'ed) examples reached here.  /* #neg=55 */
%   else return -0.07877675473109143;  // std dev = 2,98e-08, 327,000 (wgt'ed) examples reached here.  /* #neg=327 */
2021-05-07 14:25:25,902 WILL Produced-Tree #8
% FOR workedunder(A, B):
%   if ( director(B), actor(A) )
%   then if ( movie(C, A), movie(C, B) )
%   | then return 0.17709649774527667;  // std dev = 2,60e-07, 382,000 (wgt'ed) examples reached here.  /* #pos=382 */
%   | else return -0.07324622576333704;  // std dev = 1,05e-08, 55,000 (wgt'ed) examples reached here.  /* #neg=55 */
%   else return -0.07324622576333703;  // std dev = 8,56e-08, 327,000 (wgt'ed) examples reached here.  /* #neg=327 */
2021-05-07 14:25:25,902 WILL Produced-Tree #9
% FOR workedunder(A, B):
%   if ( director(B), actor(A) )
%   then if ( movie(C, A), movie(C, B) )
%   | then return 0.15274385809367164;  // std dev = 0,000, 382,000 (wgt'ed) examples reached here.  /* #pos=382 */
%   | else return -0.06842697784420268;  // std dev = 1,49e-08, 55,000 (wgt'ed) examples reached here.  /* #neg=55 */
%   else return -0.06842697784420307;  // std dev = 0,000, 327,000 (wgt'ed) examples reached here.  /* #neg=327 */
2021-05-07 14:25:25,902 WILL Produced-Tree #10
% FOR workedunder(A, B):
%   if ( actor(A), director(B) )
%   then if ( movie(C, A), movie(C, B) )
%   | then return 0.13400703000801212;  // std dev = 0,000, 382,000 (wgt'ed) examples reached here.  /* #pos=382 */
%   | else return -0.06419184008202625;  // std dev = 0,000, 55,000 (wgt'ed) examples reached here.  /* #neg=55 */
%   else return -0.06419184008202618;  // std dev = 4,71e-08, 327,000 (wgt'ed) examples reached here.  /* #neg=327 */
2021-05-07 14:25:25,902 Cleaning previous experiments mess
2021-05-07 14:25:25,903 Starting experiment 7_yeast_twitter 

2021-05-07 14:25:25,956 Start learning from source dataset

2021-05-07 14:25:25,957 Source train facts examples: 15015
2021-05-07 14:25:25,957 Source train pos examples: 369
2021-05-07 14:25:25,957 Source train neg examples: 369

2021-05-07 14:25:54,034 Model training time 28.076818466186523 

2021-05-07 14:25:54,035 Building refine structure 

2021-05-07 14:25:54,066 WILL Produced-Tree #1
% FOR proteinclass(A, B):
%   if ( interaction(A, C), recursion_proteinclass(C, B) )
%   then if ( phenotype(A, D), enzyme(C, E) )
%   | then return 0.7470378239884012;  // std dev = 0,314, 9,000 (wgt'ed) examples reached here.  /* #neg=1 #pos=8 */
%   | else return 0.858148935099512;  // std dev = 1,69e-07, 49,000 (wgt'ed) examples reached here.  /* #pos=49 */
%   else if ( interaction(F, A), interaction(A, F) )
%   | then if ( interaction(A, A) )
%   | | then return -0.14185106490048774;  // std dev = 1,49e-08, 24,000 (wgt'ed) examples reached here.  /* #neg=24 */
%   | | else if ( enzyme(A, G), enzyme(F, H) )
%   | | | then return 0.10814893509951218;  // std dev = 1,225, 8,000 (wgt'ed) examples reached here.  /* #neg=6 #pos=2 */
%   | | | else return 0.3265033654792583;  // std dev = 4,435, 79,000 (wgt'ed) examples reached here.  /* #neg=42 #pos=37 */
%   | else if ( location(A, I), interaction(A, J) )
%   | | then if ( complex(A, K), complex(J, K) )
%   | | | then return 0.18314893509951236;  // std dev = 2,962, 40,000 (wgt'ed) examples reached here.  /* #neg=27 #pos=13 */
%   | | | else return 0.3321373744058711;  // std dev = 6,568, 173,000 (wgt'ed) examples reached here.  /* #neg=91 #pos=82 */
%   | | else if ( interaction(L, A), recursion_proteinclass(L, B) )
%   | | | then return 0.7993254056877476;  // std dev = 0,970, 17,000 (wgt'ed) examples reached here.  /* #neg=1 #pos=16 */
%   | | | else return 0.3360250412941987;  // std dev = 9,197, 339,000 (wgt'ed) examples reached here.  /* #neg=177 #pos=162 */
2021-05-07 14:25:54,067 WILL Produced-Tree #2
% FOR proteinclass(A, B):
%   if ( interaction(A, C), recursion_proteinclass(C, B) )
%   then if ( interaction(C, D) )
%   | then return 0.7229527145239332;  // std dev = 0,053, 44,000 (wgt'ed) examples reached here.  /* #pos=44 */
%   | else if ( enzyme(C, E), phenotype(C, F) )
%   | | then return 0.3934300456286232;  // std dev = 0,799, 3,000 (wgt'ed) examples reached here.  /* #neg=1 #pos=2 */
%   | | else return 0.7214615849612277;  // std dev = 0,021, 11,000 (wgt'ed) examples reached here.  /* #pos=11 */
%   else if ( interaction(A, A) )
%   | then return -0.12544463852839138;  // std dev = 0,000, 24,000 (wgt'ed) examples reached here.  /* #neg=24 */
%   | else if ( location(A, G), interaction(A, H) )
%   | | then if ( complex(H, I), complex(A, I) )
%   | | | then return 0.16179899407792422;  // std dev = 3,645, 60,000 (wgt'ed) examples reached here.  /* #neg=40 #pos=20 */
%   | | | else return 0.28853445581411685;  // std dev = 7,701, 238,000 (wgt'ed) examples reached here.  /* #neg=125 #pos=113 */
%   | | else if ( complex(A, J), location(A, K) )
%   | | | then return 0.30539415743505716;  // std dev = 5,131, 108,000 (wgt'ed) examples reached here.  /* #neg=54 #pos=54 */
%   | | | else return 0.30956111069313813;  // std dev = 7,878, 250,000 (wgt'ed) examples reached here.  /* #neg=125 #pos=125 */
2021-05-07 14:25:54,067 WILL Produced-Tree #3
% FOR proteinclass(A, B):
%   if ( interaction(C, A), recursion_proteinclass(C, B) )
%   then if ( phenotype(C, D), location(A, E) )
%   | then return 0.6256768123814342;  // std dev = 0,082, 31,000 (wgt'ed) examples reached here.  /* #pos=31 */
%   | else if ( interaction(A, F), phenotype(A, G) )
%   | | then return 0.0842096867616591;  // std dev = 0,874, 5,000 (wgt'ed) examples reached here.  /* #neg=3 #pos=2 */
%   | | else if ( interaction(H, C) )
%   | | | then return 0.6019428584358658;  // std dev = 0,323, 22,000 (wgt'ed) examples reached here.  /* #pos=22 */
%   | | | else return 0.3331899056094275;  // std dev = 0,817, 3,000 (wgt'ed) examples reached here.  /* #neg=1 #pos=2 */
%   else if ( interaction(A, I), recursion_proteinclass(I, B) )
%   | then return 0.5650662658079701;  // std dev = 0,111, 23,000 (wgt'ed) examples reached here.  /* #pos=23 */
%   | else if ( interaction(A, J), interaction(K, A) )
%   | | then if ( complex(A, L), complex(K, L) )
%   | | | then return 0.07179621414122929;  // std dev = 3,124, 54,000 (wgt'ed) examples reached here.  /* #neg=40 #pos=14 */
%   | | | else return 0.2021601644515361;  // std dev = 6,732, 190,000 (wgt'ed) examples reached here.  /* #neg=109 #pos=81 */
%   | | else if ( interaction(A, M), enzyme(M, N) )
%   | | | then return 0.18256392283753353;  // std dev = 2,760, 32,000 (wgt'ed) examples reached here.  /* #neg=19 #pos=13 */
%   | | | else return 0.24078646102690407;  // std dev = 9,712, 378,000 (wgt'ed) examples reached here.  /* #neg=197 #pos=181 */
2021-05-07 14:25:54,067 WILL Produced-Tree #4
% FOR proteinclass(A, B):
%   if ( interaction(C, A), recursion_proteinclass(C, B) )
%   then return 0.4250507176446003;  // std dev = 0,208, 61,000 (wgt'ed) examples reached here.  /* #neg=4 #pos=57 */
%   else if ( interaction(D, A), interaction(A, D) )
%   | then if ( interaction(D, D) )
%   | | then if ( interaction(A, A) )
%   | | | then return -0.12657724016147262;  // std dev = 0,035, 23,000 (wgt'ed) examples reached here.  /* #neg=23 */
%   | | | else return 0.2066101960709808;  // std dev = 2,639, 28,000 (wgt'ed) examples reached here.  /* #neg=15 #pos=13 */
%   | | else if ( complex(A, E), complex(D, E) )
%   | | | then return 0.02374626265821722;  // std dev = 1,007, 7,000 (wgt'ed) examples reached here.  /* #neg=5 #pos=2 */
%   | | | else return 0.20840237260394257;  // std dev = 3,604, 55,000 (wgt'ed) examples reached here.  /* #neg=28 #pos=27 */
%   | else if ( complex(A, F), interaction(G, A) )
%   | | then if ( location(A, H), complex(G, F) )
%   | | | then return 0.07190054467041603;  // std dev = 2,939, 42,000 (wgt'ed) examples reached here.  /* #neg=28 #pos=14 */
%   | | | else return 0.1999236642478488;  // std dev = 5,407, 121,000 (wgt'ed) examples reached here.  /* #neg=62 #pos=59 */
%   | | else if ( interaction(I, A), phenotype(I, J) )
%   | | | then return 0.1935456399795252;  // std dev = 7,213, 213,000 (wgt'ed) examples reached here.  /* #neg=110 #pos=103 */
%   | | | else return 0.21167203080006228;  // std dev = 6,717, 188,000 (wgt'ed) examples reached here.  /* #neg=94 #pos=94 */
2021-05-07 14:25:54,067 WILL Produced-Tree #5
% FOR proteinclass(A, B):
%   if ( interaction(C, A), recursion_proteinclass(C, B) )
%   then if ( phenotype(C, D) )
%   | then return 0.37851772739389783;  // std dev = 0,088, 32,000 (wgt'ed) examples reached here.  /* #pos=32 */
%   | else if ( phenotype(A, E) )
%   | | then if ( interaction(A, F), phenotype(F, G) )
%   | | | then return -0.32497100710161003;  // std dev = 0,205, 3,000 (wgt'ed) examples reached here.  /* #neg=3 */
%   | | | else return 0.2857736969021866;  // std dev = 0,882, 6,000 (wgt'ed) examples reached here.  /* #neg=1 #pos=5 */
%   | | else return 0.350464520429171;  // std dev = 0,075, 20,000 (wgt'ed) examples reached here.  /* #pos=20 */
%   else if ( interaction(A, A) )
%   | then return -0.11323773210097693;  // std dev = 0,031, 23,000 (wgt'ed) examples reached here.  /* #neg=23 */
%   | else if ( interaction(H, A), enzyme(H, I) )
%   | | then if ( interaction(J, H), recursion_proteinclass(J, B) )
%   | | | then return 0.5311662261180924;  // std dev = 1,311, 12,000 (wgt'ed) examples reached here.  /* #neg=2 #pos=10 */
%   | | | else return 0.09868890146134687;  // std dev = 5,721, 141,000 (wgt'ed) examples reached here.  /* #neg=83 #pos=58 */
%   | | else if ( enzyme(A, K) )
%   | | | then return 0.17304028197389743;  // std dev = 6,805, 189,000 (wgt'ed) examples reached here.  /* #neg=95 #pos=94 */
%   | | | else return 0.1486234977362755;  // std dev = 8,572, 312,000 (wgt'ed) examples reached here.  /* #neg=162 #pos=150 */
2021-05-07 14:25:54,067 WILL Produced-Tree #6
% FOR proteinclass(A, B):
%   if ( interaction(A, C), recursion_proteinclass(C, B) )
%   then if ( interaction(D, A), recursion_proteinclass(D, B) )
%   | then return 0.22560235255343336;  // std dev = 0,108, 35,000 (wgt'ed) examples reached here.  /* #neg=1 #pos=34 */
%   | else return 0.34698126971194393;  // std dev = 0,114, 23,000 (wgt'ed) examples reached here.  /* #pos=23 */
%   else if ( interaction(E, A), recursion_proteinclass(E, B) )
%   | then if ( complex(E, F), complex(A, F) )
%   | | then return 0.39889195929493815;  // std dev = 0,065, 11,000 (wgt'ed) examples reached here.  /* #pos=11 */
%   | | else if ( phenotype(E, G) )
%   | | | then return 0.3562377608215656;  // std dev = 0,137, 7,000 (wgt'ed) examples reached here.  /* #pos=7 */
%   | | | else return 0.09740231600085154;  // std dev = 0,995, 8,000 (wgt'ed) examples reached here.  /* #neg=3 #pos=5 */
%   | else if ( interaction(A, H), enzyme(H, I) )
%   | | then if ( interaction(H, J), recursion_proteinclass(J, B) )
%   | | | then return 0.2928842311876209;  // std dev = 1,638, 15,000 (wgt'ed) examples reached here.  /* #neg=5 #pos=10 */
%   | | | else return 0.02353743963861285;  // std dev = 4,883, 116,000 (wgt'ed) examples reached here.  /* #neg=78 #pos=38 */
%   | | else if ( interaction(A, A) )
%   | | | then return -0.10207504484846096;  // std dev = 0,020, 11,000 (wgt'ed) examples reached here.  /* #neg=11 */
%   | | | else return 0.11911652967701887;  // std dev = 11,262, 512,000 (wgt'ed) examples reached here.  /* #neg=271 #pos=241 */
2021-05-07 14:25:54,067 WILL Produced-Tree #7
% FOR proteinclass(A, B):
%   if ( interaction(C, A), recursion_proteinclass(C, B) )
%   then return 0.2048664247521352;  // std dev = 0,170, 61,000 (wgt'ed) examples reached here.  /* #neg=4 #pos=57 */
%   else if ( interaction(A, D), interaction(D, A) )
%   | then if ( enzyme(A, E), enzyme(D, E) )
%   | | then if ( interaction(A, F), interaction(F, F) )
%   | | | then return -0.08435502089835539;  // std dev = 0,717, 9,000 (wgt'ed) examples reached here.  /* #neg=8 #pos=1 */
%   | | | else return -0.2397848507502324;  // std dev = 0,068, 3,000 (wgt'ed) examples reached here.  /* #neg=3 */
%   | | else if ( interaction(A, A) )
%   | | | then return -0.0957913471853818;  // std dev = 0,026, 17,000 (wgt'ed) examples reached here.  /* #neg=17 */
%   | | | else return 0.10420295276036032;  // std dev = 4,320, 84,000 (wgt'ed) examples reached here.  /* #neg=43 #pos=41 */
%   | else if ( enzyme(A, G), interaction(A, H) )
%   | | then if ( interaction(H, I), interaction(I, H) )
%   | | | then return 0.1496979952068141;  // std dev = 3,498, 50,000 (wgt'ed) examples reached here.  /* #neg=25 #pos=25 */
%   | | | else return 0.08374536780251528;  // std dev = 3,066, 42,000 (wgt'ed) examples reached here.  /* #neg=22 #pos=20 */
%   | | else if ( interaction(J, A), interaction(K, J) )
%   | | | then return 0.0806758352689822;  // std dev = 9,162, 347,000 (wgt'ed) examples reached here.  /* #neg=185 #pos=162 */
%   | | | else return 0.10421741599107347;  // std dev = 5,395, 125,000 (wgt'ed) examples reached here.  /* #neg=62 #pos=63 */
2021-05-07 14:25:54,068 WILL Produced-Tree #8
% FOR proteinclass(A, B):
%   if ( interaction(C, A), recursion_proteinclass(C, B) )
%   then if ( location(C, D) )
%   | then if ( interaction(A, E), phenotype(E, F) )
%   | | then if ( phenotype(C, G) )
%   | | | then return 0.19703288707997244;  // std dev = 0,279, 23,000 (wgt'ed) examples reached here.  /* #pos=23 */
%   | | | else return -0.044976299589120174;  // std dev = 0,693, 7,000 (wgt'ed) examples reached here.  /* #neg=3 #pos=4 */
%   | | else return 0.22690635855028174;  // std dev = 0,056, 27,000 (wgt'ed) examples reached here.  /* #pos=27 */
%   | else return -0.005948951841130756;  // std dev = 0,755, 4,000 (wgt'ed) examples reached here.  /* #neg=1 #pos=3 */
%   else if ( interaction(A, H), recursion_proteinclass(H, B) )
%   | then return 0.25452280876675343;  // std dev = 0,097, 23,000 (wgt'ed) examples reached here.  /* #pos=23 */
%   | else if ( interaction(A, I), enzyme(I, J) )
%   | | then if ( interaction(A, A) )
%   | | | then return -0.09667376292113657;  // std dev = 0,021, 12,000 (wgt'ed) examples reached here.  /* #neg=12 */
%   | | | else return 0.03465430715545799;  // std dev = 5,153, 119,000 (wgt'ed) examples reached here.  /* #neg=71 #pos=48 */
%   | | else if ( complex(A, K), interaction(L, A) )
%   | | | then return 0.050546941446617706;  // std dev = 6,165, 162,000 (wgt'ed) examples reached here.  /* #neg=93 #pos=69 */
%   | | | else return 0.07433860025538797;  // std dev = 9,431, 361,000 (wgt'ed) examples reached here.  /* #neg=189 #pos=172 */
2021-05-07 14:25:54,068 WILL Produced-Tree #9
% FOR proteinclass(A, B):
%   if ( enzyme(A, C), interaction(A, D) )
%   then if ( recursion_proteinclass(D, B) )
%   | then return 0.17397809591556546;  // std dev = 0,149, 16,000 (wgt'ed) examples reached here.  /* #pos=16 */
%   | else if ( enzyme(D, C) )
%   | | then return -0.03663134464547423;  // std dev = 0,385, 29,000 (wgt'ed) examples reached here.  /* #neg=22 #pos=7 */
%   | | else if ( interaction(D, E), recursion_proteinclass(E, B) )
%   | | | then return 0.49599715595449173;  // std dev = 0,963, 12,000 (wgt'ed) examples reached here.  /* #neg=1 #pos=11 */
%   | | | else return 0.022488624689613476;  // std dev = 4,448, 83,000 (wgt'ed) examples reached here.  /* #neg=47 #pos=36 */
%   else if ( interaction(A, F), recursion_proteinclass(F, B) )
%   | then return 0.15965242835332094;  // std dev = 0,106, 42,000 (wgt'ed) examples reached here.  /* #neg=1 #pos=41 */
%   | else if ( interaction(A, G), location(A, H) )
%   | | then if ( complex(G, I), complex(A, I) )
%   | | | then return -0.028840085670659904;  // std dev = 2,877, 53,000 (wgt'ed) examples reached here.  /* #neg=39 #pos=14 */
%   | | | else return 0.047933212915541604;  // std dev = 5,889, 150,000 (wgt'ed) examples reached here.  /* #neg=82 #pos=68 */
%   | | else if ( interaction(J, A), complex(J, K) )
%   | | | then return 0.06304229924817781;  // std dev = 6,769, 192,000 (wgt'ed) examples reached here.  /* #neg=96 #pos=96 */
%   | | | else return 0.05169150939377915;  // std dev = 6,197, 161,000 (wgt'ed) examples reached here.  /* #neg=81 #pos=80 */
2021-05-07 14:25:54,068 WILL Produced-Tree #10
% FOR proteinclass(A, B):
%   if ( location(A, C), interaction(D, A) )
%   then if ( enzyme(D, E), enzyme(A, E) )
%   | then return -0.0063137093410446515;  // std dev = 0,290, 36,000 (wgt'ed) examples reached here.  /* #neg=18 #pos=18 */
%   | else if ( recursion_proteinclass(D, B), location(D, C) )
%   | | then return 0.13521461838084103;  // std dev = 0,143, 39,000 (wgt'ed) examples reached here.  /* #neg=2 #pos=37 */
%   | | else if ( interaction(F, D), recursion_proteinclass(F, B) )
%   | | | then return 0.28115016676049753;  // std dev = 3,251, 63,000 (wgt'ed) examples reached here.  /* #neg=15 #pos=48 */
%   | | | else return 0.007079222170586691;  // std dev = 10,431, 478,000 (wgt'ed) examples reached here.  /* #neg=273 #pos=205 */
%   else if ( interaction(A, G), recursion_proteinclass(G, B) )
%   | then return 0.1875386583676359;  // std dev = 0,079, 9,000 (wgt'ed) examples reached here.  /* #pos=9 */
%   | else if ( complex(A, H), phenotype(A, I) )
%   | | then if ( complex(J, H), recursion_proteinclass(J, B) )
%   | | | then return 0.6122286313801613;  // std dev = 0,127, 10,000 (wgt'ed) examples reached here.  /* #pos=10 */
%   | | | else return -0.3810455873602627;  // std dev = 0,145, 11,000 (wgt'ed) examples reached here.  /* #neg=11 */
%   | | else if ( interaction(A, K), enzyme(K, L) )
%   | | | then return 0.0067169840960655276;  // std dev = 2,426, 26,000 (wgt'ed) examples reached here.  /* #neg=16 #pos=10 */
%   | | | else return 0.046191631835554;  // std dev = 3,983, 66,000 (wgt'ed) examples reached here.  /* #neg=34 #pos=32 */
2021-05-07 14:25:54,069 Cleaning previous experiments mess
2021-05-07 14:25:54,071 Starting experiment 8_twitter_yeast 

2021-05-07 14:25:54,115 Start learning from source dataset

2021-05-07 14:25:54,116 Source train facts examples: 3142
2021-05-07 14:25:54,116 Source train pos examples: 282
2021-05-07 14:25:54,116 Source train neg examples: 282

2021-05-07 14:32:06,180 Model training time 372.0637016296387 

2021-05-07 14:32:06,180 Building refine structure 

2021-05-07 14:32:06,194 WILL Produced-Tree #1
% FOR accounttype(A, B):
%   if ( follows(C, A), recursion_accounttype(C, B) )
%   then if ( follows(C, D), recursion_accounttype(D, B) )
%   | then if ( follows(A, D), follows(D, A) )
%   | | then return 0.6803711573217353;  // std dev = 0,382, 90,000 (wgt'ed) examples reached here.  /* #neg=16 #pos=74 */
%   | | else if ( follows(E, C), follows(A, E) )
%   | | | then return 0.28533340111893;  // std dev = 5,020, 103,000 (wgt'ed) examples reached here.  /* #neg=59 #pos=44 */
%   | | | else return 0.5525933795439572;  // std dev = 3,909, 72,000 (wgt'ed) examples reached here.  /* #neg=22 #pos=50 */
%   | else return -0.14185106490048774;  // std dev = 1,05e-08, 21,000 (wgt'ed) examples reached here.  /* #neg=21 */
%   else if ( follows(A, F), recursion_accounttype(F, B) )
%   | then return 0.08830766525824153;  // std dev = 0,421, 126,000 (wgt'ed) examples reached here.  /* #neg=97 #pos=29 */
%   | else if ( follows(G, A) )
%   | | then if ( follows(G, H), follows(H, A) )
%   | | | then return 0.058148935099512356;  // std dev = 2,191, 30,000 (wgt'ed) examples reached here.  /* #neg=24 #pos=6 */
%   | | | else return 0.4295775065280828;  // std dev = 3,207, 42,000 (wgt'ed) examples reached here.  /* #neg=18 #pos=24 */
%   | | else if ( follows(A, I) )
%   | | | then return 0.6167696247546849;  // std dev = 3,259, 58,000 (wgt'ed) examples reached here.  /* #neg=14 #pos=44 */
%   | | | else return 0.35814893509951234;  // std dev = 2,345, 22,000 (wgt'ed) examples reached here.  /* #neg=11 #pos=11 */
2021-05-07 14:32:06,194 WILL Produced-Tree #2
% FOR accounttype(A, B):
%   if ( follows(C, A), recursion_accounttype(C, B) )
%   then if ( follows(C, D), recursion_accounttype(D, B) )
%   | then if ( follows(D, A), follows(A, D) )
%   | | then return 0.5761420863091554;  // std dev = 0,382, 90,000 (wgt'ed) examples reached here.  /* #neg=16 #pos=74 */
%   | | else if ( follows(E, C), follows(A, E) )
%   | | | then return 0.24693623312123794;  // std dev = 5,020, 103,000 (wgt'ed) examples reached here.  /* #neg=59 #pos=44 */
%   | | | else return 0.4712950563825811;  // std dev = 3,909, 72,000 (wgt'ed) examples reached here.  /* #neg=22 #pos=50 */
%   | else return -0.12544463852839138;  // std dev = 0,000, 21,000 (wgt'ed) examples reached here.  /* #neg=21 */
%   else if ( follows(A, F), recursion_accounttype(F, B) )
%   | then return 0.0772143891634958;  // std dev = 0,421, 126,000 (wgt'ed) examples reached here.  /* #neg=97 #pos=29 */
%   | else if ( follows(G, A) )
%   | | then if ( follows(G, H), follows(H, A) )
%   | | | then return 0.05092203251355422;  // std dev = 2,191, 30,000 (wgt'ed) examples reached here.  /* #neg=24 #pos=6 */
%   | | | else return 0.3688769765977062;  // std dev = 3,207, 42,000 (wgt'ed) examples reached here.  /* #neg=18 #pos=24 */
%   | | else if ( follows(A, I) )
%   | | | then return 0.5241488262845436;  // std dev = 3,259, 58,000 (wgt'ed) examples reached here.  /* #neg=14 #pos=44 */
%   | | | else return 0.3087411357856347;  // std dev = 2,345, 22,000 (wgt'ed) examples reached here.  /* #neg=11 #pos=11 */
2021-05-07 14:32:06,194 WILL Produced-Tree #3
% FOR accounttype(A, B):
%   if ( follows(C, A), recursion_accounttype(C, B) )
%   then if ( follows(C, D), recursion_accounttype(D, B) )
%   | then if ( follows(D, A), follows(A, D) )
%   | | then return 0.45484537492173155;  // std dev = 0,382, 90,000 (wgt'ed) examples reached here.  /* #neg=16 #pos=74 */
%   | | else if ( tweets(A, E), tweets(C, F) )
%   | | | then return 0.22540558046652948;  // std dev = 5,594, 132,000 (wgt'ed) examples reached here.  /* #neg=68 #pos=64 */
%   | | | else return 0.4402676337048588;  // std dev = 2,991, 43,000 (wgt'ed) examples reached here.  /* #neg=13 #pos=30 */
%   | else return -0.11231637819360636;  // std dev = 1,29e-08, 21,000 (wgt'ed) examples reached here.  /* #neg=21 */
%   else if ( follows(A, G), recursion_accounttype(G, B) )
%   | then return 0.06694087951764331;  // std dev = 0,421, 126,000 (wgt'ed) examples reached here.  /* #neg=97 #pos=29 */
%   | else if ( follows(H, A) )
%   | | then if ( follows(I, H), recursion_accounttype(I, B) )
%   | | | then return 0.2495428198525006;  // std dev = 3,812, 64,000 (wgt'ed) examples reached here.  /* #neg=34 #pos=30 */
%   | | | else return -0.240391672731556;  // std dev = 0,138, 8,000 (wgt'ed) examples reached here.  /* #neg=8 */
%   | | else if ( follows(A, J), follows(J, K) )
%   | | | then return 0.4539258358688259;  // std dev = 2,522, 39,000 (wgt'ed) examples reached here.  /* #neg=8 #pos=31 */
%   | | | else return 0.29666094857640224;  // std dev = 3,112, 41,000 (wgt'ed) examples reached here.  /* #neg=17 #pos=24 */
2021-05-07 14:32:06,194 WILL Produced-Tree #4
% FOR accounttype(A, B):
%   if ( follows(C, A), recursion_accounttype(C, B) )
%   then if ( follows(C, D), recursion_accounttype(D, B) )
%   | then if ( follows(D, A), tweets(D, E) )
%   | | then return 0.3278598161606854;  // std dev = 0,412, 125,000 (wgt'ed) examples reached here.  /* #neg=29 #pos=96 */
%   | | else if ( follows(F, C), follows(F, D) )
%   | | | then return 0.17830798593701983;  // std dev = 5,531, 129,000 (wgt'ed) examples reached here.  /* #neg=67 #pos=62 */
%   | | | else return 0.5296998392139181;  // std dev = 1,003, 11,000 (wgt'ed) examples reached here.  /* #neg=1 #pos=10 */
%   | else return -0.10159632948783634;  // std dev = 0,000, 21,000 (wgt'ed) examples reached here.  /* #neg=21 */
%   else if ( follows(A, G), recursion_accounttype(G, B) )
%   | then return 0.05759094421325435;  // std dev = 0,421, 126,000 (wgt'ed) examples reached here.  /* #neg=97 #pos=29 */
%   | else if ( follows(H, A) )
%   | | then if ( follows(I, H), recursion_accounttype(I, B) )
%   | | | then return 0.20482617747594078;  // std dev = 3,790, 64,000 (wgt'ed) examples reached here.  /* #neg=34 #pos=30 */
%   | | | else return -0.19972534491255037;  // std dev = 0,119, 8,000 (wgt'ed) examples reached here.  /* #neg=8 */
%   | | else if ( follows(A, J), follows(J, K) )
%   | | | then return 0.3459815860032076;  // std dev = 2,522, 39,000 (wgt'ed) examples reached here.  /* #neg=8 #pos=31 */
%   | | | else return 0.23299192060156004;  // std dev = 3,109, 41,000 (wgt'ed) examples reached here.  /* #neg=17 #pos=24 */
2021-05-07 14:32:06,194 WILL Produced-Tree #5
% FOR accounttype(A, B):
%   if ( follows(A, C), recursion_accounttype(C, B) )
%   then if ( follows(C, D), recursion_accounttype(D, B) )
%   | then return 0.1822562833474741;  // std dev = 0,450, 275,000 (wgt'ed) examples reached here.  /* #neg=124 #pos=151 */
%   | else return -0.08296413589248097;  // std dev = 0,289, 78,000 (wgt'ed) examples reached here.  /* #neg=70 #pos=8 */
%   else if ( follows(A, E) )
%   | then if ( follows(F, E), recursion_accounttype(F, B) )
%   | | then if ( follows(E, G), tweets(E, H) )
%   | | | then return 0.22998600736157293;  // std dev = 4,761, 112,000 (wgt'ed) examples reached here.  /* #neg=42 #pos=70 */
%   | | | else return 0.4086662753661224;  // std dev = 1,445, 21,000 (wgt'ed) examples reached here.  /* #neg=3 #pos=18 */
%   | | else return -0.37247478852612337;  // std dev = 0,123, 8,000 (wgt'ed) examples reached here.  /* #neg=8 */
%   | else if ( follows(I, A), recursion_accounttype(I, B) )
%   | | then if ( follows(I, J), follows(J, A) )
%   | | | then return 0.20925819970602796;  // std dev = 2,700, 33,000 (wgt'ed) examples reached here.  /* #neg=12 #pos=21 */
%   | | | else return 0.012883250728740081;  // std dev = 0,682, 3,000 (wgt'ed) examples reached here.  /* #neg=2 #pos=1 */
%   | | else if ( follows(K, A), tweets(A, L) )
%   | | | then return -0.11539984835773678;  // std dev = 0,803, 10,000 (wgt'ed) examples reached here.  /* #neg=9 #pos=1 */
%   | | | else return 0.14536628204252744;  // std dev = 2,450, 24,000 (wgt'ed) examples reached here.  /* #neg=12 #pos=12 */
2021-05-07 14:32:06,194 WILL Produced-Tree #6
% FOR accounttype(A, B):
%   if ( follows(C, A), recursion_accounttype(C, B) )
%   then if ( follows(C, D), recursion_accounttype(D, B) )
%   | then if ( tweets(A, E), tweets(C, F) )
%   | | then if ( tweets(D, E), follows(D, C) )
%   | | | then return 0.17753610103291592;  // std dev = 6,085, 189,000 (wgt'ed) examples reached here.  /* #neg=63 #pos=126 */
%   | | | else return -0.20681634761374065;  // std dev = 1,672, 24,000 (wgt'ed) examples reached here.  /* #neg=20 #pos=4 */
%   | | else if ( follows(A, G), follows(D, G) )
%   | | | then return 0.2917778145020551;  // std dev = 2,831, 47,000 (wgt'ed) examples reached here.  /* #neg=11 #pos=36 */
%   | | | else return -0.08597444397779282;  // std dev = 1,063, 5,000 (wgt'ed) examples reached here.  /* #neg=3 #pos=2 */
%   | else return -0.09198171371419536;  // std dev = 0,046, 21,000 (wgt'ed) examples reached here.  /* #neg=21 */
%   else if ( follows(A, H), recursion_accounttype(H, B) )
%   | then return 0.03832475936651165;  // std dev = 0,416, 126,000 (wgt'ed) examples reached here.  /* #neg=97 #pos=29 */
%   | else if ( follows(A, I) )
%   | | then return 0.15614389995652506;  // std dev = 0,435, 118,000 (wgt'ed) examples reached here.  /* #neg=46 #pos=72 */
%   | | else if ( follows(J, A), tweets(A, K) )
%   | | | then return -0.09703250320025886;  // std dev = 0,810, 10,000 (wgt'ed) examples reached here.  /* #neg=9 #pos=1 */
%   | | | else return 0.11144127075603648;  // std dev = 2,450, 24,000 (wgt'ed) examples reached here.  /* #neg=12 #pos=12 */
2021-05-07 14:32:06,194 WILL Produced-Tree #7
% FOR accounttype(A, B):
%   if ( follows(A, C), recursion_accounttype(C, B) )
%   then if ( follows(C, D), recursion_accounttype(D, B) )
%   | then return 0.11359354209053207;  // std dev = 0,442, 275,000 (wgt'ed) examples reached here.  /* #neg=124 #pos=151 */
%   | else return -0.07456437481739604;  // std dev = 0,294, 78,000 (wgt'ed) examples reached here.  /* #neg=70 #pos=8 */
%   else if ( follows(A, E) )
%   | then if ( follows(F, E), recursion_accounttype(F, B) )
%   | | then if ( follows(G, A), follows(A, G) )
%   | | | then return 0.10964485745001577;  // std dev = 3,869, 67,000 (wgt'ed) examples reached here.  /* #neg=33 #pos=34 */
%   | | | else return 0.21220855878095157;  // std dev = 3,064, 66,000 (wgt'ed) examples reached here.  /* #neg=12 #pos=54 */
%   | | else return -0.3264001365509784;  // std dev = 0,114, 8,000 (wgt'ed) examples reached here.  /* #neg=8 */
%   | else if ( follows(H, A), recursion_accounttype(H, B) )
%   | | then if ( follows(H, I), follows(I, A) )
%   | | | then return 0.12252386664491575;  // std dev = 2,664, 33,000 (wgt'ed) examples reached here.  /* #neg=12 #pos=21 */
%   | | | else return 0.03635624527848471;  // std dev = 0,667, 3,000 (wgt'ed) examples reached here.  /* #neg=2 #pos=1 */
%   | | else if ( tweets(A, J), follows(K, A) )
%   | | | then return -0.08249990838717339;  // std dev = 0,815, 10,000 (wgt'ed) examples reached here.  /* #neg=9 #pos=1 */
%   | | | else return 0.08466165816511172;  // std dev = 2,450, 24,000 (wgt'ed) examples reached here.  /* #neg=12 #pos=12 */
2021-05-07 14:32:06,195 WILL Produced-Tree #8
% FOR accounttype(A, B):
%   if ( follows(A, C), recursion_accounttype(C, B) )
%   then if ( follows(C, D), recursion_accounttype(D, B) )
%   | then return 0.08920889435412707;  // std dev = 0,441, 275,000 (wgt'ed) examples reached here.  /* #neg=124 #pos=151 */
%   | else return -0.06442192286224849;  // std dev = 0,294, 78,000 (wgt'ed) examples reached here.  /* #neg=70 #pos=8 */
%   else if ( follows(A, E) )
%   | then if ( follows(F, E), recursion_accounttype(F, B) )
%   | | then if ( follows(E, G), tweets(E, H) )
%   | | | then return 0.10550558164758506;  // std dev = 4,721, 112,000 (wgt'ed) examples reached here.  /* #neg=42 #pos=70 */
%   | | | else return 0.2185329345364452;  // std dev = 1,418, 21,000 (wgt'ed) examples reached here.  /* #neg=3 #pos=18 */
%   | | else return -0.26246246625630065;  // std dev = 0,098, 8,000 (wgt'ed) examples reached here.  /* #neg=8 */
%   | else if ( follows(I, A), recursion_accounttype(I, B) )
%   | | then if ( follows(I, J), follows(J, A) )
%   | | | then return 0.09276500144029363;  // std dev = 2,662, 33,000 (wgt'ed) examples reached here.  /* #neg=12 #pos=21 */
%   | | | else return 0.029578027746285002;  // std dev = 0,666, 3,000 (wgt'ed) examples reached here.  /* #neg=2 #pos=1 */
%   | | else if ( follows(K, A), tweets(A, L) )
%   | | | then return -0.0707945088848754;  // std dev = 0,820, 10,000 (wgt'ed) examples reached here.  /* #neg=9 #pos=1 */
%   | | | else return 0.06396833276354728;  // std dev = 2,450, 24,000 (wgt'ed) examples reached here.  /* #neg=12 #pos=12 */
2021-05-07 14:32:06,195 WILL Produced-Tree #9
% FOR accounttype(A, B):
%   if ( follows(A, C), recursion_accounttype(C, B) )
%   then if ( follows(C, D), follows(A, D) )
%   | then return 0.06766414372200658;  // std dev = 0,434, 290,000 (wgt'ed) examples reached here.  /* #neg=141 #pos=149 */
%   | else return -0.0754977640133122;  // std dev = 0,298, 63,000 (wgt'ed) examples reached here.  /* #neg=53 #pos=10 */
%   else if ( follows(A, E) )
%   | then if ( follows(F, E), recursion_accounttype(F, B) )
%   | | then if ( follows(A, G), follows(G, H) )
%   | | | then return 0.07913544663352402;  // std dev = 4,745, 114,000 (wgt'ed) examples reached here.  /* #neg=43 #pos=71 */
%   | | | else return 0.1926299624448556;  // std dev = 1,305, 19,000 (wgt'ed) examples reached here.  /* #neg=2 #pos=17 */
%   | | else return -0.21691714830339656;  // std dev = 0,084, 8,000 (wgt'ed) examples reached here.  /* #neg=8 */
%   | else if ( follows(I, A), recursion_accounttype(I, B) )
%   | | then if ( follows(I, J), follows(J, A) )
%   | | | then return 0.07046967738312941;  // std dev = 2,661, 33,000 (wgt'ed) examples reached here.  /* #neg=12 #pos=21 */
%   | | | else return 0.024014297148079306;  // std dev = 0,665, 3,000 (wgt'ed) examples reached here.  /* #neg=2 #pos=1 */
%   | | else if ( follows(K, A), tweets(A, L) )
%   | | | then return -0.06122112726010366;  // std dev = 0,825, 10,000 (wgt'ed) examples reached here.  /* #neg=9 #pos=1 */
%   | | | else return 0.04817972926747665;  // std dev = 2,450, 24,000 (wgt'ed) examples reached here.  /* #neg=12 #pos=12 */
2021-05-07 14:32:06,195 WILL Produced-Tree #10
% FOR accounttype(A, B):
%   if ( follows(A, C), follows(C, D) )
%   then if ( recursion_accounttype(D, B), tweets(D, E) )
%   | then if ( tweets(A, F), follows(D, A) )
%   | | then if ( recursion_accounttype(C, B), follows(C, A) )
%   | | | then return 0.1025234779675827;  // std dev = 3,486, 75,000 (wgt'ed) examples reached here.  /* #neg=15 #pos=60 */
%   | | | else return -0.06694621964849272;  // std dev = 3,964, 93,000 (wgt'ed) examples reached here.  /* #neg=63 #pos=30 */
%   | | else if ( follows(G, A), recursion_accounttype(G, B) )
%   | | | then return 0.16622187310450126;  // std dev = 3,422, 71,000 (wgt'ed) examples reached here.  /* #neg=20 #pos=51 */
%   | | | else return 0.04381136392745707;  // std dev = 6,117, 202,000 (wgt'ed) examples reached here.  /* #neg=116 #pos=86 */
%   | else return -0.09818587204932623;  // std dev = 0,396, 19,000 (wgt'ed) examples reached here.  /* #neg=16 #pos=3 */
%   else if ( follows(A, H), follows(I, A) )
%   | then return -0.08195416621598717;  // std dev = 0,364, 8,000 (wgt'ed) examples reached here.  /* #neg=4 #pos=4 */
%   | else if ( follows(J, A), recursion_accounttype(J, B) )
%   | | then if ( follows(J, K), follows(K, A) )
%   | | | then return 0.05372901903726996;  // std dev = 2,661, 33,000 (wgt'ed) examples reached here.  /* #neg=12 #pos=21 */
%   | | | else return 0.019465748205667082;  // std dev = 0,664, 3,000 (wgt'ed) examples reached here.  /* #neg=2 #pos=1 */
%   | | else return 0.01202442636501619;  // std dev = 0,378, 60,000 (wgt'ed) examples reached here.  /* #neg=34 #pos=26 */
2021-05-07 14:32:06,196 Cleaning previous experiments mess
2021-05-07 14:32:06,197 Starting experiment 9_nell_sports_nell_finances 

2021-05-07 14:32:06,239 Start learning from source dataset

2021-05-07 14:32:06,239 Source train facts examples: 9691
2021-05-07 14:32:06,240 Source train pos examples: 397
2021-05-07 14:32:06,240 Source train neg examples: 397

2021-05-07 14:47:05,081 Model training time 898.8412156105042 

2021-05-07 14:47:05,081 Building refine structure 

2021-05-07 14:47:05,098 WILL Produced-Tree #1
% FOR teamplayssport(A, B):
%   if ( athleteplayssport(C, B), athleteledsportsteam(C, D) )
%   then if ( teamplaysagainstteam(D, A), recursion_teamplayssport(D, B) )
%   | then return 0.7944546675835862;  // std dev = 0,244, 157,000 (wgt'ed) examples reached here.  /* #neg=10 #pos=147 */
%   | else if ( teamplaysagainstteam(E, A), athleteledsportsteam(F, E) )
%   | | then if ( athleteplayssport(F, G), recursion_teamplayssport(A, G) )
%   | | | then return 0.1438632208137981;  // std dev = 3,586, 63,000 (wgt'ed) examples reached here.  /* #neg=45 #pos=18 */
%   | | | else return 0.6081489350995123;  // std dev = 2,598, 36,000 (wgt'ed) examples reached here.  /* #neg=9 #pos=27 */
%   | | else if ( athleteplaysforteam(C, D), teamalsoknownas(D, H) )
%   | | | then return 0.48745927992709953;  // std dev = 5,202, 116,000 (wgt'ed) examples reached here.  /* #neg=43 #pos=73 */
%   | | | else return 0.7978041075133039;  // std dev = 2,565, 116,000 (wgt'ed) examples reached here.  /* #neg=7 #pos=109 */
%   else if ( teamplaysagainstteam(I, A), recursion_teamplayssport(I, B) )
%   | then if ( teamalsoknownas(I, J), teamalsoknownas(J, K) )
%   | | then if ( teamplaysagainstteam(A, I), athleteledsportsteam(L, K) )
%   | | | then return 0.8581489350995122;  // std dev = 0,000, 4,000 (wgt'ed) examples reached here.  /* #pos=4 */
%   | | | else return 0.0581489350995122;  // std dev = 0,894, 5,000 (wgt'ed) examples reached here.  /* #neg=4 #pos=1 */
%   | | else return 0.8581489350995122;  // std dev = 0,000, 9,000 (wgt'ed) examples reached here.  /* #pos=9 */
%   | else return -0.11060106490048785;  // std dev = 0,174, 288,000 (wgt'ed) examples reached here.  /* #neg=279 #pos=9 */
2021-05-07 14:47:05,098 WILL Produced-Tree #2
% FOR teamplayssport(A, B):
%   if ( athleteplayssport(C, B), athleteledsportsteam(C, D) )
%   then if ( teamplaysagainstteam(E, A), recursion_teamplayssport(E, B) )
%   | then if ( teamplaysinleague(A, F), teamplaysinleague(E, F) )
%   | | then if ( athleteplaysforteam(C, E) )
%   | | | then return 0.7206036484614744;  // std dev = 1,414, 147,000 (wgt'ed) examples reached here.  /* #neg=2 #pos=145 */
%   | | | else return 0.537026802126436;  // std dev = 2,908, 47,000 (wgt'ed) examples reached here.  /* #neg=12 #pos=35 */
%   | | else if ( teamplaysinleague(A, G), athleteplaysinleague(H, G) )
%   | | | then return 0.1099811731777353;  // std dev = 1,862, 15,000 (wgt'ed) examples reached here.  /* #neg=10 #pos=5 */
%   | | | else return 0.7209290426119516;  // std dev = 1,027, 20,000 (wgt'ed) examples reached here.  /* #neg=1 #pos=19 */
%   | else if ( teamplaysagainstteam(I, A), athleteledsportsteam(J, I) )
%   | | then if ( teamalsoknownas(A, K), athleteplaysinleague(J, L) )
%   | | | then return 0.7912875514027804;  // std dev = 0,059, 3,000 (wgt'ed) examples reached here.  /* #pos=3 */
%   | | | else return -0.04309166304247466;  // std dev = 2,203, 45,000 (wgt'ed) examples reached here.  /* #neg=39 #pos=6 */
%   | | else if ( teamplaysinleague(A, M), teamplaysinleague(D, M) )
%   | | | then return 0.6529145026675242;  // std dev = 2,436, 74,000 (wgt'ed) examples reached here.  /* #neg=7 #pos=67 */
%   | | | else return 0.45058376330626027;  // std dev = 5,317, 137,000 (wgt'ed) examples reached here.  /* #neg=43 #pos=94 */
%   else return -0.060520515026650665;  // std dev = 0,242, 306,000 (wgt'ed) examples reached here.  /* #neg=283 #pos=23 */
2021-05-07 14:47:05,099 WILL Produced-Tree #3
% FOR teamplayssport(A, B):
%   if ( athleteplayssport(C, B), athleteledsportsteam(C, D) )
%   then if ( teamplaysagainstteam(E, A), recursion_teamplayssport(E, B) )
%   | then if ( teamalsoknownas(F, E), teamalsoknownas(G, F) )
%   | | then if ( teamalsoknownas(E, F), teamplaysagainstteam(E, G) )
%   | | | then return 0.5040290327605095;  // std dev = 1,790, 45,000 (wgt'ed) examples reached here.  /* #neg=4 #pos=41 */
%   | | | else return 0.08525057911976545;  // std dev = 1,832, 16,000 (wgt'ed) examples reached here.  /* #neg=10 #pos=6 */
%   | | else return 0.5451011155621686;  // std dev = 0,226, 168,000 (wgt'ed) examples reached here.  /* #neg=11 #pos=157 */
%   | else if ( teamplaysagainstteam(H, A), teamplaysinleague(H, I) )
%   | | then if ( teamalsoknownas(A, J), athleteplaysinleague(K, I) )
%   | | | then return 0.33623772369337246;  // std dev = 1,701, 15,000 (wgt'ed) examples reached here.  /* #neg=5 #pos=10 */
%   | | | else return -0.019961930044458617;  // std dev = 2,588, 52,000 (wgt'ed) examples reached here.  /* #neg=43 #pos=9 */
%   | | else if ( athleteplaysforteam(C, L), teamalsoknownas(D, L) )
%   | | | then return -0.14983724938417264;  // std dev = 1,312, 13,000 (wgt'ed) examples reached here.  /* #neg=11 #pos=2 */
%   | | | else return 0.4777511875967549;  // std dev = 4,804, 179,000 (wgt'ed) examples reached here.  /* #neg=30 #pos=149 */
%   else if ( teamplaysagainstteam(M, A), recursion_teamplayssport(M, B) )
%   | then return 0.5445559308640741;  // std dev = 0,368, 18,000 (wgt'ed) examples reached here.  /* #neg=4 #pos=14 */
%   | else return -0.09101846910650671;  // std dev = 0,174, 288,000 (wgt'ed) examples reached here.  /* #neg=279 #pos=9 */
2021-05-07 14:47:05,099 WILL Produced-Tree #4
% FOR teamplayssport(A, B):
%   if ( athleteplayssport(C, B), athleteledsportsteam(C, D) )
%   then if ( teamplaysagainstteam(E, A), recursion_teamplayssport(E, B) )
%   | then if ( teamplaysinleague(A, F), teamplaysinleague(E, F) )
%   | | then if ( teamalsoknownas(G, E), teamalsoknownas(H, G) )
%   | | | then return 0.32509044107171986;  // std dev = 2,150, 46,000 (wgt'ed) examples reached here.  /* #neg=8 #pos=38 */
%   | | | else return 0.4302303528698467;  // std dev = 2,239, 148,000 (wgt'ed) examples reached here.  /* #neg=6 #pos=142 */
%   | | else if ( teamalsoknownas(D, E), teamalsoknownas(I, D) )
%   | | | then return -0.3030295561566859;  // std dev = 0,153, 5,000 (wgt'ed) examples reached here.  /* #neg=5 */
%   | | | else return 0.3519758697253093;  // std dev = 2,052, 30,000 (wgt'ed) examples reached here.  /* #neg=6 #pos=24 */
%   | else if ( athleteplaysforteam(C, D), teamalsoknownas(D, J) )
%   | | then if ( teamalsoknownas(J, D) )
%   | | | then return 0.35025185113573204;  // std dev = 3,056, 56,000 (wgt'ed) examples reached here.  /* #neg=16 #pos=40 */
%   | | | else return 0.006223135259191447;  // std dev = 3,874, 79,000 (wgt'ed) examples reached here.  /* #neg=53 #pos=26 */
%   | | else if ( teamplaysinleague(A, K), athleteplaysinleague(L, K) )
%   | | | then return 0.2544629488652476;  // std dev = 2,036, 35,000 (wgt'ed) examples reached here.  /* #neg=13 #pos=22 */
%   | | | else return 0.4220309110948797;  // std dev = 2,371, 89,000 (wgt'ed) examples reached here.  /* #neg=7 #pos=82 */
%   else return -0.0511103173878028;  // std dev = 0,225, 306,000 (wgt'ed) examples reached here.  /* #neg=283 #pos=23 */
2021-05-07 14:47:05,099 WILL Produced-Tree #5
% FOR teamplayssport(A, B):
%   if ( athleteplayssport(C, B), athleteplaysinleague(C, D) )
%   then if ( athleteledsportsteam(C, E) )
%   | then if ( teamplaysinleague(A, D), teamalsoknownas(E, F) )
%   | | then if ( athleteledsportsteam(G, F), athleteplayssport(G, B) )
%   | | | then return 0.3577743692246914;  // std dev = 1,710, 175,000 (wgt'ed) examples reached here.  /* #neg=2 #pos=173 */
%   | | | else return -0.0737737274218816;  // std dev = 1,765, 19,000 (wgt'ed) examples reached here.  /* #neg=15 #pos=4 */
%   | | else if ( teamplaysinleague(A, H), athleteplaysinleague(I, H) )
%   | | | then return 0.04232262103061273;  // std dev = 4,185, 105,000 (wgt'ed) examples reached here.  /* #neg=60 #pos=45 */
%   | | | else return 0.2752392692035265;  // std dev = 4,755, 189,000 (wgt'ed) examples reached here.  /* #neg=37 #pos=152 */
%   | else if ( teamplaysagainstteam(J, A), recursion_teamplayssport(J, B) )
%   | | then if ( teamalsoknownas(J, K), teamalsoknownas(K, L) )
%   | | | then return 0.2705428363686623;  // std dev = 1,305, 9,000 (wgt'ed) examples reached here.  /* #neg=4 #pos=5 */
%   | | | else return 0.6245546622020413;  // std dev = 0,000, 9,000 (wgt'ed) examples reached here.  /* #pos=9 */
%   | | else if ( teamplaysinleague(A, M), athleteplaysinleague(N, M) )
%   | | | then return -0.10781561065949824;  // std dev = 0,000, 24,000 (wgt'ed) examples reached here.  /* #neg=24 */
%   | | | else return 0.05007912618260698;  // std dev = 1,589, 19,000 (wgt'ed) examples reached here.  /* #neg=16 #pos=3 */
%   else return -0.083325814741131;  // std dev = 0,155, 245,000 (wgt'ed) examples reached here.  /* #neg=239 #pos=6 */
2021-05-07 14:47:05,099 WILL Produced-Tree #6
% FOR teamplayssport(A, B):
%   if ( athleteplayssport(C, B), athleteplaysinleague(C, D) )
%   then if ( athleteledsportsteam(C, E), teamplaysinleague(A, D) )
%   | then if ( teamplaysinleague(E, D), recursion_teamplayssport(E, B) )
%   | | then return 0.28060967817789145;  // std dev = 0,128, 175,000 (wgt'ed) examples reached here.  /* #neg=2 #pos=173 */
%   | | else if ( athleteledsportsteam(F, A), teamalsoknownas(E, G) )
%   | | | then return 0.039134535176320324;  // std dev = 1,625, 13,000 (wgt'ed) examples reached here.  /* #neg=9 #pos=4 */
%   | | | else return -0.26071941757141937;  // std dev = 0,388, 12,000 (wgt'ed) examples reached here.  /* #neg=12 */
%   | else if ( teamplaysinleague(A, H), athleteplaysinleague(I, H) )
%   | | then if ( athleteplayssport(I, J), recursion_teamplayssport(A, J) )
%   | | | then return -0.20389515658457233;  // std dev = 1,231, 56,000 (wgt'ed) examples reached here.  /* #neg=55 #pos=1 */
%   | | | else return 0.22583852437416857;  // std dev = 3,373, 73,000 (wgt'ed) examples reached here.  /* #neg=24 #pos=49 */
%   | | else if ( teamplaysagainstteam(K, A), recursion_teamplayssport(K, B) )
%   | | | then return 0.3088195440653728;  // std dev = 1,576, 40,000 (wgt'ed) examples reached here.  /* #neg=4 #pos=36 */
%   | | | else return 0.17864529066436224;  // std dev = 4,894, 180,000 (wgt'ed) examples reached here.  /* #neg=52 #pos=128 */
%   else if ( teamalsoknownas(L, A), athleteplaysforteam(M, L) )
%   | then return -0.004820275554446764;  // std dev = 0,294, 21,000 (wgt'ed) examples reached here.  /* #neg=19 #pos=2 */
%   | else return -0.08220122793539927;  // std dev = 0,132, 224,000 (wgt'ed) examples reached here.  /* #neg=220 #pos=4 */
2021-05-07 14:47:05,099 WILL Produced-Tree #7
% FOR teamplayssport(A, B):
%   if ( athleteplayssport(C, B), athleteplaysinleague(C, D) )
%   then if ( athleteledsportsteam(C, E), teamplaysinleague(A, D) )
%   | then if ( teamalsoknownas(E, F), teamplaysinleague(F, D) )
%   | | then if ( recursion_teamplayssport(E, B) )
%   | | | then return 0.2272913261432566;  // std dev = 1,665, 175,000 (wgt'ed) examples reached here.  /* #neg=2 #pos=173 */
%   | | | else return 0.0633656429793692;  // std dev = 1,268, 8,000 (wgt'ed) examples reached here.  /* #neg=5 #pos=3 */
%   | | else if ( teamalsoknownas(A, G) )
%   | | | then return -0.41502078220052896;  // std dev = 0,116, 3,000 (wgt'ed) examples reached here.  /* #neg=3 */
%   | | | else return -0.10319331735230988;  // std dev = 1,009, 14,000 (wgt'ed) examples reached here.  /* #neg=13 #pos=1 */
%   | else if ( athleteplaysforteam(H, A), athleteplaysinleague(H, D) )
%   | | then if ( athleteledsportsteam(C, I), teamplaysinleague(A, J) )
%   | | | then return 0.013636012661244;  // std dev = 1,410, 13,000 (wgt'ed) examples reached here.  /* #neg=7 #pos=6 */
%   | | | else return -0.1555393983037142;  // std dev = 0,820, 21,000 (wgt'ed) examples reached here.  /* #neg=20 #pos=1 */
%   | | else if ( teamplaysagainstteam(K, A), recursion_teamplayssport(K, B) )
%   | | | then return 0.24324609120102894;  // std dev = 2,563, 69,000 (wgt'ed) examples reached here.  /* #neg=12 #pos=57 */
%   | | | else return 0.0987777979968505;  // std dev = 5,700, 246,000 (wgt'ed) examples reached here.  /* #neg=96 #pos=150 */
%   else return -0.06898292041702773;  // std dev = 0,154, 245,000 (wgt'ed) examples reached here.  /* #neg=239 #pos=6 */
2021-05-07 14:47:05,099 WILL Produced-Tree #8
% FOR teamplayssport(A, B):
%   if ( athleteplayssport(C, B), athleteplaysinleague(C, D) )
%   then if ( athleteledsportsteam(C, E), teamplaysinleague(A, D) )
%   | then if ( teamalsoknownas(E, F), teamplaysinleague(F, D) )
%   | | then if ( teamplaysagainstteam(G, A), teamalsoknownas(G, F) )
%   | | | then return 0.16071595691172813;  // std dev = 1,836, 118,000 (wgt'ed) examples reached here.  /* #neg=6 #pos=112 */
%   | | | else return 0.22403329513889123;  // std dev = 0,944, 65,000 (wgt'ed) examples reached here.  /* #neg=1 #pos=64 */
%   | | else if ( teamalsoknownas(H, A), athleteledsportsteam(I, H) )
%   | | | then return 0.08246108604725912;  // std dev = 0,962, 3,000 (wgt'ed) examples reached here.  /* #neg=2 #pos=1 */
%   | | | else return -0.1754285908560315;  // std dev = 0,252, 14,000 (wgt'ed) examples reached here.  /* #neg=14 */
%   | else if ( teamplaysinleague(A, J), athleteplaysinleague(K, J) )
%   | | then if ( athleteplayssport(K, L), recursion_teamplayssport(A, L) )
%   | | | then return -0.1814050172944423;  // std dev = 1,212, 56,000 (wgt'ed) examples reached here.  /* #neg=55 #pos=1 */
%   | | | else return 0.14057491480936626;  // std dev = 3,298, 73,000 (wgt'ed) examples reached here.  /* #neg=24 #pos=49 */
%   | | else if ( teamplaysagainstteam(M, A), recursion_teamplayssport(M, B) )
%   | | | then return 0.2002322606968645;  // std dev = 1,515, 40,000 (wgt'ed) examples reached here.  /* #neg=4 #pos=36 */
%   | | | else return 0.12025065455031948;  // std dev = 4,886, 180,000 (wgt'ed) examples reached here.  /* #neg=52 #pos=128 */
%   else return -0.06329948171652422;  // std dev = 0,154, 245,000 (wgt'ed) examples reached here.  /* #neg=239 #pos=6 */
2021-05-07 14:47:05,099 WILL Produced-Tree #9
% FOR teamplayssport(A, B):
%   if ( athleteplayssport(C, B), athleteplaysinleague(C, D) )
%   then if ( teamplaysinleague(A, D), athleteledsportsteam(C, E) )
%   | then if ( recursion_teamplayssport(E, B), teamplaysinleague(E, D) )
%   | | then return 0.16168962017300598;  // std dev = 0,120, 175,000 (wgt'ed) examples reached here.  /* #neg=2 #pos=173 */
%   | | else if ( athleteledsportsteam(F, A), teamalsoknownas(E, G) )
%   | | | then return 0.04113462177968393;  // std dev = 1,523, 13,000 (wgt'ed) examples reached here.  /* #neg=9 #pos=4 */
%   | | | else return -0.19626045064607775;  // std dev = 0,362, 12,000 (wgt'ed) examples reached here.  /* #neg=12 */
%   | else if ( teamplaysinleague(A, H), athleteplaysinleague(I, H) )
%   | | then if ( athleteplayssport(I, J), recursion_teamplayssport(A, J) )
%   | | | then return -0.1567674858730017;  // std dev = 1,162, 56,000 (wgt'ed) examples reached here.  /* #neg=55 #pos=1 */
%   | | | else return 0.10948047883662083;  // std dev = 3,293, 73,000 (wgt'ed) examples reached here.  /* #neg=24 #pos=49 */
%   | | else if ( teamplaysagainstteam(K, A), teamalsoknownas(K, A) )
%   | | | then return 0.3193180256998007;  // std dev = 0,192, 6,000 (wgt'ed) examples reached here.  /* #pos=6 */
%   | | | else return 0.10200729415217334;  // std dev = 5,104, 214,000 (wgt'ed) examples reached here.  /* #neg=56 #pos=158 */
%   else if ( teamplaysinleague(A, L) )
%   | then return -0.07177575165845251;  // std dev = 0,105, 178,000 (wgt'ed) examples reached here.  /* #neg=176 #pos=2 */
%   | else return -0.0227218454532111;  // std dev = 0,237, 67,000 (wgt'ed) examples reached here.  /* #neg=63 #pos=4 */
2021-05-07 14:47:05,099 WILL Produced-Tree #10
% FOR teamplayssport(A, B):
%   if ( athleteplayssport(C, B), athleteledsportsteam(C, D) )
%   then if ( teamplaysinleague(A, E), teamplaysinleague(D, E) )
%   | then if ( teamplaysagainstteam(D, F), recursion_teamplayssport(F, B) )
%   | | then if ( teamplaysagainstteam(G, A), athleteledsportsteam(H, G) )
%   | | | then return 0.09098842208130561;  // std dev = 3,029, 201,000 (wgt'ed) examples reached here.  /* #neg=34 #pos=167 */
%   | | | else return 0.17647662582295767;  // std dev = 1,578, 82,000 (wgt'ed) examples reached here.  /* #neg=6 #pos=76 */
%   | | else return -0.14612064701566096;  // std dev = 0,086, 10,000 (wgt'ed) examples reached here.  /* #neg=10 */
%   | else if ( teamplaysinleague(A, I) )
%   | | then if ( teamplaysagainstteam(J, A), recursion_teamplayssport(J, B) )
%   | | | then return 0.13024704931013814;  // std dev = 1,363, 20,000 (wgt'ed) examples reached here.  /* #neg=4 #pos=16 */
%   | | | else return -0.06620928664748668;  // std dev = 3,648, 76,000 (wgt'ed) examples reached here.  /* #neg=41 #pos=35 */
%   | | else if ( athleteplaysforteam(K, A), teamplaysagainstteam(A, L) )
%   | | | then return -0.17526316532377778;  // std dev = 1,063, 8,000 (wgt'ed) examples reached here.  /* #neg=4 #pos=4 */
%   | | | else return 0.1375494033336745;  // std dev = 3,226, 91,000 (wgt'ed) examples reached here.  /* #neg=15 #pos=76 */
%   else if ( teamplaysagainstteam(M, A), recursion_teamplayssport(M, B) )
%   | then return 0.16232372935515593;  // std dev = 0,304, 18,000 (wgt'ed) examples reached here.  /* #neg=4 #pos=14 */
%   | else return -0.05382508496901713;  // std dev = 0,171, 288,000 (wgt'ed) examples reached here.  /* #neg=279 #pos=9 */
2021-05-07 14:47:05,100 Cleaning previous experiments mess
2021-05-07 14:47:05,102 Starting experiment 10_nell_finances_nell_sports 

2021-05-07 14:47:05,135 Start learning from source dataset

2021-05-07 14:47:05,135 Source train facts examples: 5307
2021-05-07 14:47:05,135 Source train pos examples: 778
2021-05-07 14:47:05,135 Source train neg examples: 778

2021-05-07 14:47:45,231 Model training time 40.09614086151123 

2021-05-07 14:47:45,232 Building refine structure 

2021-05-07 14:47:45,245 WILL Produced-Tree #1
% FOR companyeconomicsector(A, B):
%   if ( acquired(C, A) )
%   then if ( economicsectorcompany(B, C) )
%   | then return 0.8581489350995117;  // std dev = 2,46e-07, 41,000 (wgt'ed) examples reached here.  /* #pos=41 */
%   | else if ( companyalsoknownas(C, D), economicsectorcompany(B, D) )
%   | | then return 0.8581489350995122;  // std dev = 0,000, 5,000 (wgt'ed) examples reached here.  /* #pos=5 */
%   | | else if ( companyceo(C, E) )
%   | | | then return 0.17683025378082964;  // std dev = 4,445, 91,000 (wgt'ed) examples reached here.  /* #neg=62 #pos=29 */
%   | | | else return 0.2798356820874628;  // std dev = 4,499, 83,000 (wgt'ed) examples reached here.  /* #neg=48 #pos=35 */
%   else if ( acquired(A, F), economicsectorcompany(B, F) )
%   | then return 0.8581489350995118;  // std dev = 1,46e-07, 26,000 (wgt'ed) examples reached here.  /* #pos=26 */
%   | else if ( cityhascompanyoffice(G, A) )
%   | | then if ( cityhascompanyoffice(G, H), economicsectorcompany(B, H) )
%   | | | then return 0.7152917922423673;  // std dev = 4,140, 140,000 (wgt'ed) examples reached here.  /* #neg=20 #pos=120 */
%   | | | else return -0.14185106490048766;  // std dev = 7,60e-08, 113,000 (wgt'ed) examples reached here.  /* #neg=113 */
%   | | else if ( acquired(A, I) )
%   | | | then return 0.2911386258211616;  // std dev = 4,880, 97,000 (wgt'ed) examples reached here.  /* #neg=55 #pos=42 */
%   | | | else return 0.35814893509950757;  // std dev = 15,492, 960,000 (wgt'ed) examples reached here.  /* #neg=480 #pos=480 */
2021-05-07 14:47:45,245 WILL Produced-Tree #2
% FOR companyeconomicsector(A, B):
%   if ( cityhascompanyoffice(C, A) )
%   then if ( cityhascompanyoffice(C, D), economicsectorcompany(B, D) )
%   | then if ( acquired(D, E), cityhascompanyoffice(F, E) )
%   | | then return 0.7236269134380352;  // std dev = 0,153, 86,000 (wgt'ed) examples reached here.  /* #neg=2 #pos=84 */
%   | | else return 0.49977866222458633;  // std dev = 0,431, 111,000 (wgt'ed) examples reached here.  /* #neg=29 #pos=82 */
%   | else return -0.13315684381047085;  // std dev = 0,206, 135,000 (wgt'ed) examples reached here.  /* #neg=135 */
%   else if ( acquired(A, G), companyceo(A, H) )
%   | then if ( countryhascompanyoffice(I, A), acquired(G, J) )
%   | | then return 0.26918290673295364;  // std dev = 0,901, 4,000 (wgt'ed) examples reached here.  /* #neg=2 #pos=2 */
%   | | else if ( countryhascompanyoffice(K, A) )
%   | | | then return 0.3157423540988234;  // std dev = 1,974, 16,000 (wgt'ed) examples reached here.  /* #neg=8 #pos=8 */
%   | | | else return 0.30081414350377683;  // std dev = 2,727, 32,000 (wgt'ed) examples reached here.  /* #neg=16 #pos=16 */
%   | else if ( acquired(L, A), economicsectorcompany(B, L) )
%   | | then return 0.7194734122109544;  // std dev = 4,21e-08, 24,000 (wgt'ed) examples reached here.  /* #pos=24 */
%   | | else if ( companyalsoknownas(A, M), economicsectorcompany(B, M) )
%   | | | then return 0.8045401409880124;  // std dev = 0,090, 14,000 (wgt'ed) examples reached here.  /* #pos=14 */
%   | | | else return 0.2938101275620903;  // std dev = 16,785, 1.134,000 (wgt'ed) examples reached here.  /* #neg=586 #pos=548 */
2021-05-07 14:47:45,245 WILL Produced-Tree #3
% FOR companyeconomicsector(A, B):
%   if ( acquired(A, C), economicsectorcompany(B, C) )
%   then return 0.6251983006908082;  // std dev = 0,056, 31,000 (wgt'ed) examples reached here.  /* #pos=31 */
%   else if ( acquired(A, D) )
%   | then if ( cityhascompanyoffice(E, D), cityhascompanyoffice(E, A) )
%   | | then if ( acquired(F, A), cityhascompanyoffice(E, F) )
%   | | | then return 0.24267352339997061;  // std dev = 0,788, 4,000 (wgt'ed) examples reached here.  /* #neg=2 #pos=2 */
%   | | | else return -0.10962481057734816;  // std dev = 0,798, 10,000 (wgt'ed) examples reached here.  /* #neg=9 #pos=1 */
%   | | else if ( companyalsoknownas(A, G), economicsectorcompany(B, G) )
%   | | | then return 0.6766966286027752;  // std dev = 0,150, 7,000 (wgt'ed) examples reached here.  /* #pos=7 */
%   | | | else return 0.1937772256999397;  // std dev = 6,412, 210,000 (wgt'ed) examples reached here.  /* #neg=120 #pos=90 */
%   | else if ( cityhascompanyoffice(H, A) )
%   | | then if ( cityhascompanyoffice(H, I), economicsectorcompany(B, I) )
%   | | | then return 0.44071778346229357;  // std dev = 4,263, 127,000 (wgt'ed) examples reached here.  /* #neg=24 #pos=103 */
%   | | | else return -0.11725709288374118;  // std dev = 0,135, 79,000 (wgt'ed) examples reached here.  /* #neg=79 */
%   | | else if ( companyceo(A, J) )
%   | | | then return 0.25063261169628137;  // std dev = 3,904, 64,000 (wgt'ed) examples reached here.  /* #neg=32 #pos=32 */
%   | | | else return 0.25618740405165524;  // std dev = 15,847, 1.024,000 (wgt'ed) examples reached here.  /* #neg=512 #pos=512 */
2021-05-07 14:47:45,245 WILL Produced-Tree #4
% FOR companyeconomicsector(A, B):
%   if ( countryhascompanyoffice(C, A), bankbankincountry(D, C) )
%   then if ( countryhascompanyoffice(C, E), economicsectorcompany(B, E) )
%   | then return 0.5815048319430363;  // std dev = 0,229, 85,000 (wgt'ed) examples reached here.  /* #neg=5 #pos=80 */
%   | else return -0.249499758146036;  // std dev = 0,088, 75,000 (wgt'ed) examples reached here.  /* #neg=75 */
%   else if ( cityhascompanyoffice(F, A) )
%   | then if ( cityhascompanyoffice(F, G), economicsectorcompany(B, G) )
%   | | then if ( acquired(G, H) )
%   | | | then return 0.4586948624010091;  // std dev = 2,457, 112,000 (wgt'ed) examples reached here.  /* #neg=7 #pos=105 */
%   | | | else return 0.22096246097535488;  // std dev = 3,266, 52,000 (wgt'ed) examples reached here.  /* #neg=18 #pos=34 */
%   | | else return -0.11940209362981236;  // std dev = 0,273, 114,000 (wgt'ed) examples reached here.  /* #neg=114 */
%   | else if ( acquired(I, A), companyceo(I, J) )
%   | | then if ( economicsectorcompany(B, I) )
%   | | | then return 0.4925156292322816;  // std dev = 0,015, 19,000 (wgt'ed) examples reached here.  /* #pos=19 */
%   | | | else return 0.08970122448263944;  // std dev = 3,725, 63,000 (wgt'ed) examples reached here.  /* #neg=41 #pos=22 */
%   | | else if ( acquired(K, A) )
%   | | | then return 0.20032752407415944;  // std dev = 3,309, 48,000 (wgt'ed) examples reached here.  /* #neg=24 #pos=24 */
%   | | | else return 0.20767642082680804;  // std dev = 15,622, 988,000 (wgt'ed) examples reached here.  /* #neg=494 #pos=494 */
2021-05-07 14:47:45,246 WILL Produced-Tree #5
% FOR companyeconomicsector(A, B):
%   if ( cityhascompanyoffice(C, A) )
%   then if ( cityhascompanyoffice(C, D), economicsectorcompany(B, D) )
%   | then if ( acquired(D, E), acquired(A, F) )
%   | | then if ( acquired(F, G), companyceo(F, H) )
%   | | | then return 0.29199733444801895;  // std dev = 1,156, 16,000 (wgt'ed) examples reached here.  /* #neg=2 #pos=14 */
%   | | | else return 0.43645745468237584;  // std dev = 0,523, 49,000 (wgt'ed) examples reached here.  /* #pos=49 */
%   | | else if ( acquired(I, D), companyceo(D, J) )
%   | | | then return 0.33395650181702685;  // std dev = 1,786, 69,000 (wgt'ed) examples reached here.  /* #neg=4 #pos=65 */
%   | | | else return 0.10414702725933103;  // std dev = 3,630, 63,000 (wgt'ed) examples reached here.  /* #neg=25 #pos=38 */
%   | else return -0.10705249787759283;  // std dev = 0,274, 135,000 (wgt'ed) examples reached here.  /* #neg=135 */
%   else if ( companyalsoknownas(A, K), economicsectorcompany(B, K) )
%   | then return 0.49726257798719836;  // std dev = 0,065, 15,000 (wgt'ed) examples reached here.  /* #pos=15 */
%   | else if ( acquired(L, A), economicsectorcompany(B, L) )
%   | | then return 0.3818728738036499;  // std dev = 0,140, 26,000 (wgt'ed) examples reached here.  /* #pos=26 */
%   | | else if ( companyalsoknownas(A, M), cityhascompanyoffice(N, M) )
%   | | | then return -0.11747048100460841;  // std dev = 1,543, 16,000 (wgt'ed) examples reached here.  /* #neg=13 #pos=3 */
%   | | | else return 0.1555154109219953;  // std dev = 16,737, 1.167,000 (wgt'ed) examples reached here.  /* #neg=599 #pos=568 */
2021-05-07 14:47:45,246 WILL Produced-Tree #6
% FOR companyeconomicsector(A, B):
%   if ( cityhascompanyoffice(C, A) )
%   then if ( cityhascompanyoffice(C, D), companyalsoknownas(D, D) )
%   | then if ( economicsectorcompany(B, D) )
%   | | then return 0.25054241201591476;  // std dev = 0,186, 62,000 (wgt'ed) examples reached here.  /* #neg=3 #pos=59 */
%   | | else return -0.011534860310724388;  // std dev = 0,313, 158,000 (wgt'ed) examples reached here.  /* #neg=107 #pos=51 */
%   | else return 0.1433651506222103;  // std dev = 0,247, 112,000 (wgt'ed) examples reached here.  /* #neg=56 #pos=56 */
%   else if ( companyceo(A, E) )
%   | then if ( acquired(A, F), economicsectorcompany(B, F) )
%   | | then return 0.370353131353367;  // std dev = 0,138, 8,000 (wgt'ed) examples reached here.  /* #pos=8 */
%   | | else if ( bankchiefexecutiveceo(G, E), economicsectorcompany(B, G) )
%   | | | then return 0.6144941152415777;  // std dev = 0,109, 4,000 (wgt'ed) examples reached here.  /* #pos=4 */
%   | | | else return 0.08136675538494208;  // std dev = 4,716, 104,000 (wgt'ed) examples reached here.  /* #neg=58 #pos=46 */
%   | else if ( acquired(H, A), economicsectorcompany(B, H) )
%   | | then return 0.29677336575113733;  // std dev = 0,102, 21,000 (wgt'ed) examples reached here.  /* #pos=21 */
%   | | else if ( countryhascompanyoffice(I, A) )
%   | | | then return 0.1246362048763257;  // std dev = 3,655, 81,000 (wgt'ed) examples reached here.  /* #neg=41 #pos=40 */
%   | | | else return 0.12154084387076419;  // std dev = 15,708, 1.006,000 (wgt'ed) examples reached here.  /* #neg=513 #pos=493 */
2021-05-07 14:47:45,246 WILL Produced-Tree #7
% FOR companyeconomicsector(A, B):
%   if ( acquired(C, A), companyceo(C, D) )
%   then if ( acquired(E, C), economicsectorcompany(B, E) )
%   | then return 0.4691658657462155;  // std dev = 0,209, 7,000 (wgt'ed) examples reached here.  /* #pos=7 */
%   | else if ( economicsectorcompany(B, C) )
%   | | then return 0.23428611210960515;  // std dev = 0,070, 26,000 (wgt'ed) examples reached here.  /* #pos=26 */
%   | | else if ( companyalsoknownas(C, F), economicsectorcompany(B, F) )
%   | | | then return 0.4736896979218512;  // std dev = 0,110, 3,000 (wgt'ed) examples reached here.  /* #pos=3 */
%   | | | else return -0.03977634221827157;  // std dev = 3,849, 88,000 (wgt'ed) examples reached here.  /* #neg=62 #pos=26 */
%   else if ( cityhascompanyoffice(G, A) )
%   | then if ( cityhascompanyoffice(G, H), economicsectorcompany(B, H) )
%   | | then if ( acquired(I, H), acquired(I, A) )
%   | | | then return 0.3965074195958939;  // std dev = 0,505, 19,000 (wgt'ed) examples reached here.  /* #pos=19 */
%   | | | else return 0.1759071583311775;  // std dev = 4,055, 160,000 (wgt'ed) examples reached here.  /* #neg=27 #pos=133 */
%   | | else return -0.09980509088664224;  // std dev = 0,250, 125,000 (wgt'ed) examples reached here.  /* #neg=125 */
%   | else if ( companyalsoknownas(A, J), economicsectorcompany(B, J) )
%   | | then return 0.3495084367295379;  // std dev = 0,059, 14,000 (wgt'ed) examples reached here.  /* #pos=14 */
%   | | else return 0.09532910203935616;  // std dev = 0,489, 1.114,000 (wgt'ed) examples reached here.  /* #neg=564 #pos=550 */
2021-05-07 14:47:45,246 WILL Produced-Tree #8
% FOR companyeconomicsector(A, B):
%   if ( acquired(C, A), economicsectorcompany(B, C) )
%   then return 0.19989050739435354;  // std dev = 0,208, 41,000 (wgt'ed) examples reached here.  /* #pos=41 */
%   else if ( cityhascompanyoffice(D, A) )
%   | then if ( cityhascompanyoffice(D, E), economicsectorcompany(B, E) )
%   | | then if ( acquired(E, F), bankchiefexecutiveceo(A, G) )
%   | | | then return -0.30635725439842076;  // std dev = 0,914, 6,000 (wgt'ed) examples reached here.  /* #neg=4 #pos=2 */
%   | | | else return 0.1672435031634585;  // std dev = 4,082, 176,000 (wgt'ed) examples reached here.  /* #neg=27 #pos=149 */
%   | | else return -0.09397360313065575;  // std dev = 0,261, 135,000 (wgt'ed) examples reached here.  /* #neg=135 */
%   | else if ( bankboughtbank(H, A), companyceo(A, I) )
%   | | then if ( bankchiefexecutiveceo(J, I), economicsectorcompany(B, J) )
%   | | | then return 0.3689138190211376;  // std dev = 0,159, 4,000 (wgt'ed) examples reached here.  /* #pos=4 */
%   | | | else return -0.08093542963238898;  // std dev = 1,486, 14,000 (wgt'ed) examples reached here.  /* #neg=10 #pos=4 */
%   | | else if ( acquired(K, A), companyceo(K, L) )
%   | | | then return 0.01602918020030556;  // std dev = 3,830, 74,000 (wgt'ed) examples reached here.  /* #neg=47 #pos=27 */
%   | | | else return 0.07481294443747794;  // std dev = 16,235, 1.106,000 (wgt'ed) examples reached here.  /* #neg=555 #pos=551 */
2021-05-07 14:47:45,246 WILL Produced-Tree #9
% FOR companyeconomicsector(A, B):
%   if ( acquired(A, C), economicsectorcompany(B, C) )
%   then if ( cityhascompanyoffice(D, A) )
%   | then return 0.16028192047494097;  // std dev = 0,174, 15,000 (wgt'ed) examples reached here.  /* #pos=15 */
%   | else if ( countryhascompanyoffice(E, A), companyceo(A, F) )
%   | | then return 0.18364712368172334;  // std dev = 0,057, 3,000 (wgt'ed) examples reached here.  /* #pos=3 */
%   | | else if ( companyceo(A, G) )
%   | | | then return 0.2784118389783081;  // std dev = 0,059, 5,000 (wgt'ed) examples reached here.  /* #pos=5 */
%   | | | else return 0.3515753766639355;  // std dev = 0,140, 8,000 (wgt'ed) examples reached here.  /* #pos=8 */
%   else if ( acquired(H, A), economicsectorcompany(B, H) )
%   | then return 0.17088944467163508;  // std dev = 0,160, 38,000 (wgt'ed) examples reached here.  /* #pos=38 */
%   | else if ( companyalsoknownas(A, I), economicsectorcompany(B, I) )
%   | | then if ( cityhascompanyoffice(J, A), cityhascompanyoffice(K, I) )
%   | | | then return 0.1882420855479369;  // std dev = 0,065, 4,000 (wgt'ed) examples reached here.  /* #pos=4 */
%   | | | else return 0.27556435055313244;  // std dev = 0,223, 18,000 (wgt'ed) examples reached here.  /* #pos=18 */
%   | | else if ( acquired(L, A) )
%   | | | then return -0.006868732854137284;  // std dev = 5,561, 172,000 (wgt'ed) examples reached here.  /* #neg=110 #pos=62 */
%   | | | else return 0.04880843557651889;  // std dev = 16,404, 1.293,000 (wgt'ed) examples reached here.  /* #neg=668 #pos=625 */
2021-05-07 14:47:45,246 WILL Produced-Tree #10
% FOR companyeconomicsector(A, B):
%   if ( companyalsoknownas(A, C) )
%   then if ( companyalsoknownas(C, D), economicsectorcompany(B, D) )
%   | then return 0.3212706356428811;  // std dev = 0,170, 95,000 (wgt'ed) examples reached here.  /* #neg=1 #pos=94 */
%   | else return -0.27466562660252036;  // std dev = 0,160, 93,000 (wgt'ed) examples reached here.  /* #neg=93 */
%   else if ( acquired(E, A), cityhascompanyoffice(F, A) )
%   | then if ( economicsectorcompany(B, E) )
%   | | then return 0.1407160542173557;  // std dev = 0,093, 12,000 (wgt'ed) examples reached here.  /* #pos=12 */
%   | | else if ( companyceo(A, G) )
%   | | | then return 0.040496921998289984;  // std dev = 1,198, 17,000 (wgt'ed) examples reached here.  /* #neg=10 #pos=7 */
%   | | | else return -0.10586179499946982;  // std dev = 1,541, 21,000 (wgt'ed) examples reached here.  /* #neg=15 #pos=6 */
%   | else if ( cityhascompanyoffice(H, A) )
%   | | then if ( cityhascompanyoffice(H, I), economicsectorcompany(B, I) )
%   | | | then return 0.10895837703740159;  // std dev = 3,543, 117,000 (wgt'ed) examples reached here.  /* #neg=19 #pos=98 */
%   | | | else return -0.07998531579727132;  // std dev = 0,132, 79,000 (wgt'ed) examples reached here.  /* #neg=79 */
%   | | else if ( countryhascompanyoffice(J, A), bankchiefexecutiveceo(A, K) )
%   | | | then return 0.008498357508351012;  // std dev = 1,094, 12,000 (wgt'ed) examples reached here.  /* #neg=6 #pos=6 */
%   | | | else return 0.047341727366832176;  // std dev = 16,139, 1.110,000 (wgt'ed) examples reached here.  /* #neg=555 #pos=555 */
