2021-05-07 14:48:48,855 adding document #0 to Dictionary(0 unique tokens: [])
2021-05-07 14:48:48,855 built Dictionary(12 unique tokens: ['computer', 'human', 'interface', 'response', 'survey']...) from 9 documents (total 29 corpus positions)
2021-05-07 14:48:48,868 Dictionary lifecycle event {'msg': "built Dictionary(12 unique tokens: ['computer', 'human', 'interface', 'response', 'survey']...) from 9 documents (total 29 corpus positions)", 'datetime': '2021-05-07T14:48:48.855469', 'gensim': '4.0.1', 'python': '3.8.5 (default, Jan 27 2021, 15:41:15) \n[GCC 9.3.0]', 'platform': 'Linux-5.4.0-72-generic-x86_64-with-glibc2.29', 'event': 'created'}
2021-05-07 14:49:00,165 Cleaning previous experiments mess
2021-05-07 14:49:00,167 Starting experiment 4_cora_imdb 

2021-05-07 14:49:00,630 Start learning from source dataset

2021-05-07 14:49:00,631 Source train facts examples: 42558
2021-05-07 14:49:00,631 Source train pos examples: 3017
2021-05-07 14:49:00,631 Source train neg examples: 2740

2021-05-07 17:32:38,012 Model training time 9817.381373643875 

2021-05-07 17:32:38,012 Building refine structure 

2021-05-07 17:32:38,029 WILL Produced-Tree #1
% FOR samevenue(A, B):
%   if ( haswordvenue(A, C), haswordvenue(B, C) )
%   then if ( haswordtitle(D, C) )
%   | then if ( title(E, D), venue(E, A) )
%   | | then return 0.3992107351824603;  // std dev = 0,498, 4.822,000 (wgt'ed) examples reached here.  /* #neg=2.213 #pos=2.609 */
%   | | else if ( title(F, D), venue(F, B) )
%   | | | then return 0.4451054568386418;  // std dev = 3,339, 46,000 (wgt'ed) examples reached here.  /* #neg=19 #pos=27 */
%   | | | else return 0.5869624944215446;  // std dev = 4,829, 118,000 (wgt'ed) examples reached here.  /* #neg=32 #pos=86 */
%   | else if ( haswordvenue(A, G), haswordtitle(H, G) )
%   | | then return 0.5058762078267858;  // std dev = 0,478, 88,000 (wgt'ed) examples reached here.  /* #neg=31 #pos=57 */
%   | | else return 0.6488466095181177;  // std dev = 0,407, 86,000 (wgt'ed) examples reached here.  /* #neg=18 #pos=68 */
%   else if ( haswordvenue(A, I), haswordtitle(J, I) )
%   | then if ( haswordtitle(J, K), haswordauthor(L, K) )
%   | | then if ( author(M, L), title(M, J) )
%   | | | then return 0.14825132417801035;  // std dev = 7,768, 293,000 (wgt'ed) examples reached here.  /* #neg=208 #pos=85 */
%   | | | else return 0.15814893509951236;  // std dev = 3,240, 50,000 (wgt'ed) examples reached here.  /* #neg=35 #pos=15 */
%   | | else return 0.3703440570507312;  // std dev = 0,500, 41,000 (wgt'ed) examples reached here.  /* #neg=20 #pos=21 */
%   | else return 0.08819588345631965;  // std dev = 0,421, 213,000 (wgt'ed) examples reached here.  /* #neg=164 #pos=49 */
2021-05-07 17:32:38,029 WILL Produced-Tree #2
% FOR samevenue(A, B):
%   if ( haswordvenue(A, C), haswordvenue(B, C) )
%   then if ( haswordtitle(D, C) )
%   | then if ( title(E, D), venue(E, A) )
%   | | then return 0.3433709031776967;  // std dev = 0,498, 4.822,000 (wgt'ed) examples reached here.  /* #neg=2.213 #pos=2.609 */
%   | | else if ( title(F, D), venue(F, B) )
%   | | | then return 0.3818851959188521;  // std dev = 3,339, 46,000 (wgt'ed) examples reached here.  /* #neg=19 #pos=27 */
%   | | | else return 0.4996495186661365;  // std dev = 4,829, 118,000 (wgt'ed) examples reached here.  /* #neg=32 #pos=86 */
%   | else if ( haswordvenue(A, G), haswordtitle(H, G) )
%   | | then return 0.4325716385994188;  // std dev = 0,478, 88,000 (wgt'ed) examples reached here.  /* #neg=31 #pos=57 */
%   | | else return 0.5504191997875431;  // std dev = 0,407, 86,000 (wgt'ed) examples reached here.  /* #neg=18 #pos=68 */
%   else if ( haswordvenue(A, I), haswordtitle(J, I) )
%   | then if ( haswordtitle(J, K), haswordauthor(L, K) )
%   | | then if ( haswordauthor(L, I) )
%   | | | then return 0.2158921333500403;  // std dev = 3,251, 45,000 (wgt'ed) examples reached here.  /* #neg=28 #pos=17 */
%   | | | else return 0.11757876064509458;  // std dev = 7,739, 298,000 (wgt'ed) examples reached here.  /* #neg=215 #pos=83 */
%   | | else return 0.31904282398387;  // std dev = 0,500, 41,000 (wgt'ed) examples reached here.  /* #neg=20 #pos=21 */
%   | else return 0.07711708839708546;  // std dev = 0,421, 213,000 (wgt'ed) examples reached here.  /* #neg=164 #pos=49 */
2021-05-07 17:32:38,029 WILL Produced-Tree #3
% FOR samevenue(A, B):
%   if ( haswordvenue(A, C), haswordvenue(B, C) )
%   then if ( haswordtitle(D, C) )
%   | then if ( title(E, D), venue(E, A) )
%   | | then return 0.2832586819155288;  // std dev = 0,498, 4.822,000 (wgt'ed) examples reached here.  /* #neg=2.213 #pos=2.609 */
%   | | else if ( haswordtitle(D, F), haswordauthor(G, F) )
%   | | | then return 0.38391203647536526;  // std dev = 5,292, 134,000 (wgt'ed) examples reached here.  /* #neg=41 #pos=93 */
%   | | | else return 0.3378160150768066;  // std dev = 2,582, 30,000 (wgt'ed) examples reached here.  /* #neg=10 #pos=20 */
%   | else if ( haswordvenue(A, H), haswordtitle(I, H) )
%   | | then return 0.3507121143954203;  // std dev = 0,478, 88,000 (wgt'ed) examples reached here.  /* #neg=31 #pos=57 */
%   | | else return 0.4365219339363693;  // std dev = 0,407, 86,000 (wgt'ed) examples reached here.  /* #neg=18 #pos=68 */
%   else if ( haswordvenue(B, J), haswordtitle(K, J) )
%   | then if ( haswordtitle(K, L), haswordvenue(A, L) )
%   | | then if ( haswordauthor(M, J) )
%   | | | then return 0.30643239580721815;  // std dev = 2,866, 33,000 (wgt'ed) examples reached here.  /* #neg=17 #pos=16 */
%   | | | else return 0.1530957875712096;  // std dev = 5,953, 159,000 (wgt'ed) examples reached here.  /* #neg=103 #pos=56 */
%   | | else return 0.08181070338199956;  // std dev = 0,430, 200,000 (wgt'ed) examples reached here.  /* #neg=151 #pos=49 */
%   | else return 0.06186064174692704;  // std dev = 0,426, 205,000 (wgt'ed) examples reached here.  /* #neg=156 #pos=49 */
2021-05-07 17:32:38,029 WILL Produced-Tree #4
% FOR samevenue(A, B):
%   if ( haswordvenue(A, C), haswordvenue(B, C) )
%   then if ( haswordtitle(D, C) )
%   | then if ( title(E, D), venue(E, A) )
%   | | then return 0.22548182839144074;  // std dev = 0,498, 4.822,000 (wgt'ed) examples reached here.  /* #neg=2.213 #pos=2.609 */
%   | | else if ( title(F, D), venue(F, B) )
%   | | | then return 0.23011452181362688;  // std dev = 3,339, 46,000 (wgt'ed) examples reached here.  /* #neg=19 #pos=27 */
%   | | | else return 0.31328596678613274;  // std dev = 4,825, 118,000 (wgt'ed) examples reached here.  /* #neg=32 #pos=86 */
%   | else if ( haswordvenue(A, G), haswordtitle(H, G) )
%   | | then return 0.2727306513334619;  // std dev = 0,478, 88,000 (wgt'ed) examples reached here.  /* #neg=31 #pos=57 */
%   | | else return 0.3316587347623583;  // std dev = 0,407, 86,000 (wgt'ed) examples reached here.  /* #neg=18 #pos=68 */
%   else if ( haswordvenue(B, I), haswordtitle(J, I) )
%   | then if ( haswordtitle(J, K), haswordvenue(A, K) )
%   | | then if ( haswordauthor(L, I) )
%   | | | then return 0.25703781185839314;  // std dev = 2,865, 33,000 (wgt'ed) examples reached here.  /* #neg=17 #pos=16 */
%   | | | else return 0.12770611316463865;  // std dev = 5,947, 159,000 (wgt'ed) examples reached here.  /* #neg=103 #pos=56 */
%   | | else return 0.07032877432318005;  // std dev = 0,430, 200,000 (wgt'ed) examples reached here.  /* #neg=151 #pos=49 */
%   | else return 0.05266354090235674;  // std dev = 0,426, 205,000 (wgt'ed) examples reached here.  /* #neg=156 #pos=49 */
2021-05-07 17:32:38,029 WILL Produced-Tree #5
% FOR samevenue(A, B):
%   if ( haswordvenue(A, C), haswordvenue(B, C) )
%   then if ( haswordtitle(D, C) )
%   | then if ( title(E, D), venue(E, A) )
%   | | then return 0.17489058813150501;  // std dev = 0,498, 4.822,000 (wgt'ed) examples reached here.  /* #neg=2.213 #pos=2.609 */
%   | | else if ( title(F, D), venue(F, B) )
%   | | | then return 0.17575069540438354;  // std dev = 3,339, 46,000 (wgt'ed) examples reached here.  /* #neg=19 #pos=27 */
%   | | | else return 0.23578954178844264;  // std dev = 4,825, 118,000 (wgt'ed) examples reached here.  /* #neg=32 #pos=86 */
%   | else if ( haswordvenue(B, G), haswordtitle(H, G) )
%   | | then return 0.19524079696519064;  // std dev = 0,453, 82,000 (wgt'ed) examples reached here.  /* #neg=25 #pos=57 */
%   | | else return 0.2566558682168486;  // std dev = 0,435, 92,000 (wgt'ed) examples reached here.  /* #neg=24 #pos=68 */
%   else if ( haswordvenue(A, I), haswordtitle(J, I) )
%   | then if ( haswordtitle(J, K), haswordauthor(L, K) )
%   | | then if ( haswordvenue(B, K) )
%   | | | then return 0.20871201294680955;  // std dev = 2,864, 33,000 (wgt'ed) examples reached here.  /* #neg=17 #pos=16 */
%   | | | else return 0.06317806456089535;  // std dev = 7,812, 310,000 (wgt'ed) examples reached here.  /* #neg=226 #pos=84 */
%   | | else return 0.20851013338280944;  // std dev = 0,500, 41,000 (wgt'ed) examples reached here.  /* #neg=20 #pos=21 */
%   | else return 0.04534612644634424;  // std dev = 0,421, 213,000 (wgt'ed) examples reached here.  /* #neg=164 #pos=49 */
2021-05-07 17:32:38,029 WILL Produced-Tree #6
% FOR samevenue(A, B):
%   if ( haswordvenue(A, C), haswordvenue(B, C) )
%   then if ( haswordtitle(D, C) )
%   | then if ( title(E, D), venue(E, A) )
%   | | then return 0.13343559685864415;  // std dev = 0,498, 4.822,000 (wgt'ed) examples reached here.  /* #neg=2.213 #pos=2.609 */
%   | | else if ( title(F, D), venue(F, B) )
%   | | | then return 0.13263681074950406;  // std dev = 3,339, 46,000 (wgt'ed) examples reached here.  /* #neg=19 #pos=27 */
%   | | | else return 0.17703482685086688;  // std dev = 4,825, 118,000 (wgt'ed) examples reached here.  /* #neg=32 #pos=86 */
%   | else if ( haswordvenue(B, G), haswordtitle(H, G) )
%   | | then return 0.1470630394621561;  // std dev = 0,453, 82,000 (wgt'ed) examples reached here.  /* #neg=25 #pos=57 */
%   | | else return 0.19326064317777494;  // std dev = 0,435, 92,000 (wgt'ed) examples reached here.  /* #neg=24 #pos=68 */
%   else if ( haswordvenue(B, I), haswordtitle(J, I) )
%   | then if ( haswordtitle(J, K), haswordauthor(L, K) )
%   | | then if ( haswordauthor(L, I) )
%   | | | then return 0.10166710347677001;  // std dev = 3,119, 43,000 (wgt'ed) examples reached here.  /* #neg=26 #pos=17 */
%   | | | else return 0.05586686704851799;  // std dev = 7,593, 296,000 (wgt'ed) examples reached here.  /* #neg=213 #pos=83 */
%   | | else return 0.16232069125814216;  // std dev = 0,490, 53,000 (wgt'ed) examples reached here.  /* #neg=32 #pos=21 */
%   | else return 0.034632833555508974;  // std dev = 0,426, 205,000 (wgt'ed) examples reached here.  /* #neg=156 #pos=49 */
2021-05-07 17:32:38,030 WILL Produced-Tree #7
% FOR samevenue(A, B):
%   if ( haswordvenue(A, C), haswordvenue(B, C) )
%   then if ( haswordtitle(D, C) )
%   | then if ( title(E, D), venue(E, A) )
%   | | then return 0.10086211017145999;  // std dev = 0,498, 4.822,000 (wgt'ed) examples reached here.  /* #neg=2.213 #pos=2.609 */
%   | | else if ( haswordtitle(D, F), haswordauthor(G, F) )
%   | | | then return 0.13409246390725058;  // std dev = 5,266, 134,000 (wgt'ed) examples reached here.  /* #neg=41 #pos=93 */
%   | | | else return 0.07991854207193025;  // std dev = 2,582, 30,000 (wgt'ed) examples reached here.  /* #neg=10 #pos=20 */
%   | else if ( haswordvenue(A, H), haswordauthor(I, H) )
%   | | then return 0.2437244027597237;  // std dev = 0,387, 10,000 (wgt'ed) examples reached here.  /* #neg=2 #pos=8 */
%   | | else return 0.12290087171690718;  // std dev = 0,446, 164,000 (wgt'ed) examples reached here.  /* #neg=47 #pos=117 */
%   else if ( haswordvenue(A, J), haswordtitle(K, J) )
%   | then if ( haswordtitle(K, L), haswordauthor(M, L) )
%   | | then if ( haswordauthor(M, J) )
%   | | | then return 0.11589841954938741;  // std dev = 3,196, 45,000 (wgt'ed) examples reached here.  /* #neg=28 #pos=17 */
%   | | | else return 0.04166493330919622;  // std dev = 7,674, 298,000 (wgt'ed) examples reached here.  /* #neg=215 #pos=83 */
%   | | else return 0.14964442247704943;  // std dev = 0,500, 41,000 (wgt'ed) examples reached here.  /* #neg=20 #pos=21 */
%   | else return 0.02950363797156341;  // std dev = 0,421, 213,000 (wgt'ed) examples reached here.  /* #neg=164 #pos=49 */
2021-05-07 17:32:38,030 WILL Produced-Tree #8
% FOR samevenue(A, B):
%   if ( haswordvenue(A, C), haswordvenue(B, C) )
%   then if ( haswordtitle(D, C) )
%   | then if ( title(E, D), venue(E, B) )
%   | | then return 0.07579536697592254;  // std dev = 0,498, 4.818,000 (wgt'ed) examples reached here.  /* #neg=2.209 #pos=2.609 */
%   | | else if ( haswordtitle(D, F), haswordauthor(G, F) )
%   | | | then return 0.10385048569748051;  // std dev = 5,384, 138,000 (wgt'ed) examples reached here.  /* #neg=45 #pos=93 */
%   | | | else return 0.06068389866128004;  // std dev = 2,582, 30,000 (wgt'ed) examples reached here.  /* #neg=10 #pos=20 */
%   | else if ( haswordvenue(A, H), haswordtitle(I, H) )
%   | | then if ( haswordtitle(I, J), haswordauthor(K, J) )
%   | | | then return 0.07953183071346158;  // std dev = 4,123, 76,000 (wgt'ed) examples reached here.  /* #neg=26 #pos=50 */
%   | | | else return 0.02680224778938702;  // std dev = 1,708, 12,000 (wgt'ed) examples reached here.  /* #neg=5 #pos=7 */
%   | | else return 0.1264063737617886;  // std dev = 0,406, 86,000 (wgt'ed) examples reached here.  /* #neg=18 #pos=68 */
%   else if ( haswordvenue(B, L), haswordtitle(M, L) )
%   | then if ( haswordtitle(M, N), haswordauthor(P, N) )
%   | | then return 0.03946357508087742;  // std dev = 0,445, 339,000 (wgt'ed) examples reached here.  /* #neg=239 #pos=100 */
%   | | else return 0.12322626286374243;  // std dev = 0,490, 53,000 (wgt'ed) examples reached here.  /* #neg=32 #pos=21 */
%   | else return 0.021472580900905834;  // std dev = 0,426, 205,000 (wgt'ed) examples reached here.  /* #neg=156 #pos=49 */
2021-05-07 17:32:38,030 WILL Produced-Tree #9
% FOR samevenue(A, B):
%   if ( haswordvenue(A, C), haswordvenue(B, C) )
%   then if ( haswordtitle(D, C) )
%   | then if ( title(E, D), venue(E, B) )
%   | | then return 0.0568977766375225;  // std dev = 0,498, 4.818,000 (wgt'ed) examples reached here.  /* #neg=2.209 #pos=2.609 */
%   | | else if ( title(F, D), venue(F, A) )
%   | | | then return 0.048908824681375584;  // std dev = 3,524, 50,000 (wgt'ed) examples reached here.  /* #neg=23 #pos=27 */
%   | | | else return 0.08371527191858061;  // std dev = 4,819, 118,000 (wgt'ed) examples reached here.  /* #neg=32 #pos=86 */
%   | else if ( haswordvenue(A, G), haswordtitle(H, G) )
%   | | then if ( haswordtitle(H, I), haswordauthor(J, I) )
%   | | | then return 0.06028063863068891;  // std dev = 4,123, 76,000 (wgt'ed) examples reached here.  /* #neg=26 #pos=50 */
%   | | | else return 0.020197741738545178;  // std dev = 1,708, 12,000 (wgt'ed) examples reached here.  /* #neg=5 #pos=7 */
%   | | else return 0.098844942908607;  // std dev = 0,406, 86,000 (wgt'ed) examples reached here.  /* #neg=18 #pos=68 */
%   else if ( haswordvenue(B, K), haswordauthor(L, K) )
%   | then return -0.02218406840334243;  // std dev = 0,416, 71,000 (wgt'ed) examples reached here.  /* #neg=52 #pos=19 */
%   | else if ( haswordvenue(A, M), haswordauthor(N, M) )
%   | | then return 0.0019401936092648133;  // std dev = 0,427, 65,000 (wgt'ed) examples reached here.  /* #neg=48 #pos=17 */
%   | | else return 0.0459288695587047;  // std dev = 0,448, 461,000 (wgt'ed) examples reached here.  /* #neg=327 #pos=134 */
2021-05-07 17:32:38,030 WILL Produced-Tree #10
% FOR samevenue(A, B):
%   if ( haswordvenue(A, C), haswordvenue(B, C) )
%   then if ( haswordtitle(D, C) )
%   | then if ( title(E, D), venue(E, B) )
%   | | then return 0.042679854407558435;  // std dev = 0,498, 4.818,000 (wgt'ed) examples reached here.  /* #neg=2.209 #pos=2.609 */
%   | | else if ( haswordtitle(D, F), haswordauthor(G, F) )
%   | | | then return 0.0628826736405994;  // std dev = 5,383, 138,000 (wgt'ed) examples reached here.  /* #neg=45 #pos=93 */
%   | | | else return 0.02678373401079141;  // std dev = 2,582, 30,000 (wgt'ed) examples reached here.  /* #neg=10 #pos=20 */
%   | else if ( haswordvenue(B, H), haswordtitle(I, H) )
%   | | then if ( haswordtitle(I, J), haswordauthor(K, J) )
%   | | | then return 0.06779984382630733;  // std dev = 3,601, 68,000 (wgt'ed) examples reached here.  /* #neg=18 #pos=50 */
%   | | | else return -0.09277302800465555;  // std dev = 1,879, 14,000 (wgt'ed) examples reached here.  /* #neg=7 #pos=7 */
%   | | else return 0.0769903762911401;  // std dev = 0,434, 92,000 (wgt'ed) examples reached here.  /* #neg=24 #pos=68 */
%   else if ( haswordvenue(B, L), haswordauthor(M, L) )
%   | then return -0.017753547287633425;  // std dev = 0,417, 71,000 (wgt'ed) examples reached here.  /* #neg=52 #pos=19 */
%   | else if ( haswordvenue(A, N), haswordtitle(P, N) )
%   | | then return 0.03849919906328243;  // std dev = 0,457, 328,000 (wgt'ed) examples reached here.  /* #neg=225 #pos=103 */
%   | | else return 0.024031119065782015;  // std dev = 0,428, 198,000 (wgt'ed) examples reached here.  /* #neg=150 #pos=48 */
